3:C:\Users\james\Documents\Projects\Lua\tic-tac-toe\.\lua_modules\lib\luarocks\rocks-5.1\busted\2.1.2-3\bin\busted
0 0 16 
163:C:\Users\james\Documents\Projects\Lua\tic-tac-toe\.\lua_modules\share\lua\5.1\busted\block.lua
0 0 0 0 0 0 0 0 0 0 0 0 0 0 0 16 16 0 16 21556 0 21556 21572 0 16 1268 1268 22824 41844 20288 0 0 1284 0 0 144 144 288 144 16 0 16 3372 0 3372 2248 2248 0 0 0 0 3372 398 0 3372 3372 2974 0 0 398 398 0 0 0 0 0 0 398 0 398 16 0 16 3770 0 3770 2248 2248 0 0 0 0 3770 0 3770 3770 0 0 0 0 0 3770 16 0 16 4168 4168 0 4168 4312 432 0 0 0 0 0 4168 4496 0 0 0 4168 16 0 16 1124 16 0 16 398 398 398 0 414 0 16 398 16 0 16 398 16 0 16 382 0 382 382 382 0 0 0 0 382 0 1146 382 0 382 0 0 0 0 764 382 0 0 382 382 0 398 0 16 
130:C:\Users\james\Documents\Projects\Lua\tic-tac-toe\.\lua_modules\share\lua\5.1\busted\context.lua
0 0 0 100 4800 4700 0 100 100 100 200 100 0 0 0 100 4800 4700 0 4800 0 4700 0 0 0 13343 13243 0 100 0 0 0 0 0 0 0 0 0 0 0 0 0 0 0 144 144 288 288 144 0 144 288 0 0 0 0 0 0 0 144 0 144 0 0 1650 1650 200 1550 288 1406 0 0 1650 1650 0 0 1650 1650 0 0 1650 100 0 1650 0 0 38902 0 0 0 0 0 0 0 0 0 0 0 0 0 0 0 0 0 1554 1554 1554 1554 0 0 414 0 0 0 120004 0 0 0 6200 6200 6200 6200 6200 0 0 6200 12400 6200 6200 6200 
317:C:\Users\james\Documents\Projects\Lua\tic-tac-toe\.\lua_modules\share\lua\5.1\busted\core.lua
0 0 0 0 0 0 0 0 0 0 0 0 0 0 0 0 0 0 0 0 0 0 0 0 0 0 0 0 0 0 0 0 0 0 0 0 0 0 0 0 100 0 0 0 0 0 0 0 0 0 0 0 0 0 0 0 0 0 0 0 0 0 0 0 0 0 0 0 0 1454 1454 0 1454 1454 1454 4362 0 0 0 0 1454 1454 0 1454 2908 0 0 0 0 0 0 0 0 0 0 0 0 0 0 0 0 0 0 0 4614 0 0 0 496 0 0 0 0 0 0 0 1454 0 1454 1454 282 282 282 282 282 282 0 0 1172 1172 1172 1172 1172 1172 0 0 0 0 0 0 0 0 0 0 0 0 0 0 0 0 0 0 0 0 0 0 0 0 0 0 0 0 0 0 0 0 200 0 100 0 100 0 0 6200 6200 6200 0 12400 0 0 0 12400 0 6200 0 0 0 0 0 0 0 0 0 0 0 0 0 0 0 0 0 0 12400 0 6200 6200 0 0 0 3044 3044 3044 1522 1522 1522 1522 1522 1522 0 6088 3044 6088 3044 0 0 0 0 0 0 0 0 0 0 0 0 0 0 0 0 0 0 0 0 0 0 0 0 0 0 0 0 0 0 0 0 0 0 0 1554 48 48 1506 0 0 0 1554 0 1554 3108 2908 0 0 0 1554 3108 0 3108 1554 0 0 0 0 0 0 1554 1554 1554 1554 1554 1554 1554 0 0 0 0 0 0 0 1554 0 1554 446 0 1108 0 1554 0 0 0 414 2350 1554 1554 4518 1554 0 398 
31:C:\Users\james\Documents\Projects\Lua\tic-tac-toe\.\lua_modules\share\lua\5.1\busted\environment.lua
0 0 0 0 0 0 0 135386 0 122506 302292 122506 0 0 0 0 0 0 0 0 69244 0 0 0 0 0 0 0 0 0 100 
72:C:\Users\james\Documents\Projects\Lua\tic-tac-toe\.\lua_modules\share\lua\5.1\busted\execute.lua
16 16 16 0 0 0 0 0 0 0 0 0 16 0 0 16 0 0 16 32 0 0 0 0 0 0 0 0 0 0 0 0 0 0 0 0 0 0 16 0 32 16 0 0 0 0 0 16 0 16 0 0 0 0 16 32 32 16 0 16 16 0 16 0 16 0 0 0 32 0 16 16 
129:C:\Users\james\Documents\Projects\Lua\tic-tac-toe\.\lua_modules\share\lua\5.1\busted\init.lua
0 0 0 0 100 200 100 0 100 100 0 0 282 564 282 0 282 282 0 0 1124 1124 0 2248 0 0 0 0 1124 0 1124 1124 1124 0 1124 0 1124 1124 2248 2248 1124 0 0 0 0 0 0 2248 0 0 1124 1124 0 0 0 0 0 0 0 0 0 0 0 0 0 0 0 0 0 0 0 0 0 0 0 0 0 0 0 0 0 0 0 0 0 0 0 0 0 0 0 0 0 0 0 0 0 0 0 0 0 0 0 0 0 0 0 0 0 0 0 0 0 0 0 0 0 0 0 0 0 0 0 0 0 0 0 0 2520 
50:C:\Users\james\Documents\Projects\Lua\tic-tac-toe\.\lua_modules\share\lua\5.1\busted\languages\en.lua
16 0 16 0 0 16 16 16 16 0 16 16 16 16 0 16 16 16 16 0 16 16 16 16 0 16 0 16 16 0 0 16 16 0 0 0 0 0 0 0 0 16 16 0 0 0 0 0 16 16 
64:C:\Users\james\Documents\Projects\Lua\tic-tac-toe\.\lua_modules\share\lua\5.1\busted\luajit.lua
16 0 16 0 0 0 0 0 0 16 0 0 0 0 0 0 0 48 48 0 48 0 0 0 0 0 0 0 0 0 0 0 0 0 0 0 48 64 0 0 16 16 0 16 0 0 0 0 0 0 0 0 0 0 0 16 32 0 0 16 16 16 16 32 
23:C:\Users\james\Documents\Projects\Lua\tic-tac-toe\.\lua_modules\share\lua\5.1\busted\modules\files\lua.lua
16 0 16 0 0 1454 2908 1454 16 0 0 200 16 0 0 100 100 0 0 100 16 0 16 
107:C:\Users\james\Documents\Projects\Lua\tic-tac-toe\.\lua_modules\share\lua\5.1\busted\modules\files\moonscript.lua
16 0 32 16 16 0 16 0 0 0 0 0 0 0 0 0 0 16 0 0 0 0 0 0 0 0 0 0 0 0 16 0 0 0 0 0 16 0 0 0 0 0 0 0 0 0 0 0 0 0 0 0 0 0 0 0 0 0 0 0 0 0 0 0 0 0 16 0 16 0 0 0 0 0 0 0 0 0 0 0 16 0 0 0 0 0 0 0 0 0 0 0 16 0 0 0 16 0 0 0 0 0 0 0 16 0 16 
129:C:\Users\james\Documents\Projects\Lua\tic-tac-toe\.\lua_modules\share\lua\5.1\busted\modules\filter_loader.lua
0 0 0 1124 1124 0 2248 2248 1124 2248 0 0 1124 16 0 0 0 0 16 0 0 1406 0 0 0 0 1406 16 0 0 1124 1124 0 0 0 0 1124 16 0 0 1406 0 0 0 0 1406 16 0 0 1124 0 0 0 0 1124 16 0 0 0 0 0 0 0 0 0 0 0 16 0 0 0 16 0 16 0 0 0 0 0 0 16 0 0 0 16 0 0 128 224 160 0 0 144 0 0 0 0 0 0 0 0 16 0 16 0 0 0 0 0 0 0 0 0 0 0 0 0 0 16 16 16 16 0 0 16 16 16 16 16 
32:C:\Users\james\Documents\Projects\Lua\tic-tac-toe\.\lua_modules\share\lua\5.1\busted\modules\helper_loader.lua
0 0 0 0 0 0 16 32 16 0 16 16 0 16 32 0 0 0 0 0 0 16 0 0 32 0 16 0 16 0 0 16 
34:C:\Users\james\Documents\Projects\Lua\tic-tac-toe\.\lua_modules\share\lua\5.1\busted\modules\output_handler_loader.lua
0 0 0 0 0 0 16 0 16 32 16 0 16 0 0 16 0 32 0 16 0 0 0 16 0 0 0 0 16 0 0 0 32 16 
101:C:\Users\james\Documents\Projects\Lua\tic-tac-toe\.\lua_modules\share\lua\5.1\busted\modules\test_file_loader.lua
16 0 0 16 16 16 16 0 48 32 32 0 0 0 16 0 32 0 32 16 32 0 32 242 242 0 0 0 0 384 242 100 0 0 142 32 0 32 100 100 0 0 0 32 0 0 0 0 0 16 16 16 0 0 16 32 32 0 16 16 0 0 0 100 200 100 0 0 16 0 0 16 0 116 100 0 100 200 100 100 100 100 0 0 100 0 0 0 16 0 0 0 0 0 0 0 16 16 0 16 16 
181:C:\Users\james\Documents\Projects\Lua\tic-tac-toe\.\lua_modules\share\lua\5.1\busted\outputHandlers\base.lua
16 16 0 0 16 16 16 0 16 0 16 0 16 0 16 0 0 0 3372 16 0 0 16 16 0 16 0 0 0 32 32 32 32 32 32 32 32 32 32 32 0 0 2248 1124 0 2248 2248 0 1124 3372 0 0 1124 16 0 0 0 1124 13488 12364 10116 0 0 1124 1124 0 1124 1124 2248 2248 1124 1124 1124 0 1124 0 1124 16 0 0 16 0 0 0 16 16 0 0 16 16 16 16 0 0 0 0 0 0 0 0 0 0 0 0 0 16 0 0 16 16 16 16 0 0 1124 1124 16 0 0 1124 0 1124 1124 1124 0 0 0 0 0 0 0 0 0 0 0 0 1124 0 1124 1124 1124 0 0 0 1124 0 0 1124 0 1124 16 0 0 0 0 0 0 16 0 0 0 0 16 0 0 0 0 0 16 0 0 0 0 0 0 0 0 16 0 16 16 
185:C:\Users\james\Documents\Projects\Lua\tic-tac-toe\.\lua_modules\share\lua\5.1\busted\outputHandlers\plainTerminal.lua
16 16 16 16 16 16 16 16 16 0 0 16 16 0 16 16 16 16 0 0 0 0 0 0 0 0 0 0 0 0 0 0 0 0 16 0 0 0 0 0 0 0 0 0 0 0 0 16 0 0 0 0 0 0 0 0 0 0 0 0 0 0 0 0 0 0 0 0 0 0 0 0 16 0 0 16 16 16 16 0 16 16 16 16 16 0 16 0 16 0 0 0 16 32 0 0 0 0 16 32 0 0 0 0 16 32 0 0 0 0 16 0 16 16 16 16 32 16 0 0 1124 1124 0 1124 0 1124 0 1124 0 0 0 1124 1124 0 0 1124 16 0 0 16 16 16 0 16 16 0 0 16 32 0 16 0 0 0 0 16 0 0 0 0 16 0 0 0 0 16 16 0 0 0 0 0 0 16 0 32 32 32 32 32 32 32 0 16 16 
197:C:\Users\james\Documents\Projects\Lua\tic-tac-toe\.\lua_modules\share\lua\5.1\busted\runner.lua
0 0 0 0 0 0 0 0 0 0 0 7 0 0 0 0 0 0 0 0 0 0 0 0 0 0 0 0 0 0 0 0 0 0 0 0 0 0 0 0 0 0 0 0 0 0 0 0 0 0 0 0 0 0 0 0 0 0 0 16 0 0 0 0 0 0 16 0 0 0 0 16 0 0 0 0 0 16 16 0 0 16 16 0 0 0 16 16 0 0 0 0 0 16 16 16 0 32 0 0 16 0 32 0 0 16 0 32 0 0 0 16 0 32 0 0 0 0 0 0 0 16 0 0 16 16 32 0 0 32 16 16 16 16 16 16 16 0 0 0 16 0 0 16 32 16 16 16 0 16 0 0 0 0 0 0 0 32 16 16 16 16 16 16 16 0 0 16 0 16 16 16 32 16 16 16 16 0 0 0 0 0 0 16 16 32 16 16 16 0 0 16 0 16 0 0 16 
42:C:\Users\james\Documents\Projects\Lua\tic-tac-toe\.\lua_modules\share\lua\5.1\busted\status.lua
0 8448 0 0 0 0 0 0 0 0 9572 0 0 0 7324 7324 10894 7324 7324 7324 0 0 0 7324 0 0 0 7324 0 0 0 2248 1124 1124 0 8448 0 0 7324 7324 9572 7324 
28:C:\Users\james\Documents\Projects\Lua\tic-tac-toe\.\lua_modules\share\lua\5.1\busted\utils.lua
0 0 0 32 32 160 128 128 0 0 32 0 0 0 0 0 0 0 0 0 0 0 0 0 0 0 16 16 
154:C:\Users\james\Documents\Projects\Lua\tic-tac-toe\.\lua_modules\share\lua\5.1\bustez\expect.lua
0 0 16 16 16 16 0 0 16 0 0 0 0 0 0 0 0 0 0 0 0 16 0 0 5811 0 5811 14409 8598 8598 0 0 5811 7371 1560 0 0 5811 5811 16 0 16 0 16 16 16 0 16 16 16 16 16 16 16 0 16 16 16 16 16 16 16 0 32 0 1512 16 16 0 0 0 16 0 16 0 0 5811 0 5811 19112 13301 0 0 5811 0 5811 19112 13301 7442 0 0 0 13134 11622 0 5811 0 0 0 0 0 0 0 0 5811 42 0 5769 0 0 0 0 0 0 0 0 0 0 0 0 16 0 0 40011 13349 0 0 13331 16 0 0 16 0 5811 16 0 0 110 126 16 0 16 0 0 0 5811 16 0 0 0 16 0 0 16 
15:C:\Users\james\Documents\Projects\Lua\tic-tac-toe\.\lua_modules\share\lua\5.1\bustez\init.lua
16 16 16 0 0 16 0 16 16 16 16 0 16 0 16 
47:C:\Users\james\Documents\Projects\Lua\tic-tac-toe\.\lua_modules\share\lua\5.1\bustez\register.lua
16 16 16 0 0 48 0 0 64 0 0 48 48 48 48 16 0 0 16 16 16 16 16 16 16 16 16 0 16 16 16 16 16 16 16 16 0 16 16 16 16 16 16 16 16 16 32 
171:C:\Users\james\Documents\Projects\Lua\tic-tac-toe\.\lua_modules\share\lua\5.1\luassert\assert.lua
0 0 0 0 0 0 0 0 0 0 0 0 0 0 0 0 0 0 0 0 0 0 0 0 0 0 0 0 0 0 0 0 0 0 0 0 0 0 0 0 0 0 0 0 0 0 0 0 0 0 0 0 0 0 0 0 0 0 0 0 0 0 0 0 0 0 0 0 0 0 0 0 0 0 0 0 0 0 0 0 0 0 0 0 0 258 258 0 0 258 258 258 291 291 293 318 0 0 0 0 0 0 0 0 0 0 0 0 0 0 0 0 0 0 0 0 0 0 0 0 0 0 0 0 0 0 0 0 0 0 0 0 0 0 0 0 0 0 0 0 0 0 0 0 0 0 0 0 0 0 0 0 0 0 0 0 0 0 0 0 0 0 0 0 0 0 3980 0 0 0 3980 
302:C:\Users\james\Documents\Projects\Lua\tic-tac-toe\.\lua_modules\share\lua\5.1\luassert\assertions.lua
0 0 0 0 0 0 0 0 0 0 0 0 0 0 0 0 0 0 5402 0 0 5402 0 0 0 0 0 0 0 0 0 0 0 0 0 0 0 0 0 0 0 0 0 0 0 0 0 0 0 0 0 0 0 0 0 0 0 0 0 0 0 0 0 0 0 0 0 0 0 0 0 0 0 0 0 0 0 0 0 0 0 0 0 0 0 0 0 0 0 0 0 0 0 0 0 0 0 0 0 0 0 0 0 0 0 0 0 0 0 0 0 0 3938 3938 7876 3938 0 7876 3938 3938 0 0 0 0 0 0 0 0 0 0 0 0 0 0 0 0 0 0 0 0 0 0 0 0 0 0 0 0 0 0 0 0 0 0 0 0 0 42 42 42 42 42 126 42 42 0 40 0 42 42 42 42 42 42 42 42 0 42 42 0 0 0 0 0 0 0 0 0 0 0 0 0 0 0 0 0 0 0 0 0 0 0 0 0 0 0 0 0 0 0 0 0 0 0 0 0 0 0 0 0 0 0 0 0 0 0 0 0 0 0 0 0 0 0 0 0 0 0 0 0 0 0 0 0 0 0 0 0 0 0 0 0 0 0 0 0 0 0 0 0 0 0 0 0 590 590 590 0 0 0 800 800 800 0 0 0 32 32 32 32 32 0 0 0 0 0 0 0 0 0 0 0 0 0 0 0 0 0 0 0 0 32 
10:C:\Users\james\Documents\Projects\Lua\tic-tac-toe\.\lua_modules\share\lua\5.1\luassert\modifiers.lua
0 0 0 0 7329 0 0 0 113 113 
353:C:\Users\james\Documents\Projects\Lua\tic-tac-toe\.\lua_modules\share\lua\5.1\luassert\util.lua
0 0 0 0 0 5853 5811 0 0 0 0 0 0 0 0 0 0 0 0 0 0 0 0 0 0 0 0 0 0 0 0 0 0 0 0 0 0 0 0 0 0 0 0 0 0 0 0 0 0 0 0 0 0 0 0 0 0 0 0 0 0 0 0 0 0 0 0 0 42 42 42 126 84 0 42 0 0 0 0 0 0 0 0 0 0 0 0 0 0 0 0 0 0 0 0 0 0 0 0 0 0 0 0 0 0 0 0 0 0 0 0 0 0 0 0 0 0 0 0 0 0 0 0 0 0 0 0 0 0 0 0 0 0 0 0 0 0 0 0 0 0 0 0 0 0 0 0 0 0 0 0 0 0 0 0 0 0 0 0 0 0 0 0 0 0 0 0 0 0 0 0 0 0 0 0 0 0 0 0 0 0 0 0 0 0 0 0 0 0 0 0 0 0 0 0 0 0 0 0 0 0 0 0 0 0 0 0 0 0 0 0 0 0 15518 15518 15518 15518 15518 15518 10158 10158 0 0 15518 15518 10158 5360 0 0 0 0 0 19456 3938 0 0 15518 15518 0 0 0 0 0 0 0 0 0 3938 3938 0 3938 0 0 0 0 0 3938 0 7876 3938 0 0 3938 3938 3938 0 0 0 0 0 0 0 0 0 42 0 0 0 0 0 0 0 0 0 0 0 0 0 0 0 0 0 0 5811 5811 5811 5811 11622 5811 5811 5811 0 5811 5811 0 0 0 0 0 0 0 0 5811 0 0 5811 5811 5811 19112 13301 13301 0 0 13301 13349 48 48 48 48 0 0 13301 13301 13301 0 13301 0 0 0 5811 0 0 0 5811 0 0 0 0 0 0 5811 5811 5811 
154:C:\Users\james\Documents\Projects\Lua\tic-tac-toe\.\lua_modules\share\lua\5.1\mediator.lua
0 496 0 0 0 496 496 496 0 0 0 0 0 0 496 0 496 496 0 0 0 0 0 400 0 400 400 400 400 0 0 496 496 0 496 0 496 320 320 0 240 0 0 496 0 496 400 0 0 0 0 0 0 0 0 0 0 0 0 400 0 0 0 0 0 0 0 0 400 0 0 800 400 400 0 0 0 400 0 0 10524 400 0 0 0 0 0 0 0 0 0 0 0 400 0 0 19214 10050 0 0 13422 0 10050 0 10050 10050 0 0 0 9164 6104 0 3060 0 400 400 0 0 0 0 0 0 0 0 0 0 0 0 0 0 0 5110 0 15234 20248 0 0 5110 0 0 0 992 0 0 0 0 0 0 0 0 0 0 0 9228 
565:C:\Users\james\Documents\Projects\Lua\tic-tac-toe\.\lua_modules\share\lua\5.1\pl\List.lua
0 0 0 0 0 0 0 0 0 0 0 0 0 0 0 0 0 0 0 0 16 16 16 16 16 16 16 0 16 16 0 0 16 16 0 16 0 16 0 0 0 0 0 0 0 0 16 0 0 66 16 0 16 132 16 0 16 66 0 0 0 0 0 16 0 0 0 0 0 0 0 0 0 0 0 0 16 0 0 0 0 16 0 0 0 16 0 0 0 0 16 0 0 16 0 16 0 0 0 0 0 16 0 0 0 16 0 0 0 0 0 0 16 0 0 0 16 0 0 0 0 16 0 16 0 0 0 0 0 16 0 0 0 16 0 0 0 0 0 0 0 16 0 0 0 0 16 0 0 0 0 0 0 16 0 0 0 16 0 16 0 0 0 0 0 0 0 0 16 16 0 0 0 0 16 0 16 0 0 0 0 16 0 0 0 0 0 16 0 0 0 0 16 0 0 0 16 0 0 0 0 16 0 16 0 0 0 16 0 0 0 0 0 0 0 16 0 0 0 0 16 0 0 0 0 0 0 0 16 0 0 0 0 0 0 0 0 16 0 16 0 0 0 16 0 0 16 0 16 0 0 0 0 0 0 0 0 0 0 0 16 0 0 0 0 0 0 0 0 0 0 0 0 0 0 0 16 0 0 16 0 16 0 0 0 0 0 0 0 0 16 0 16 0 0 0 0 0 0 0 16 0 0 0 0 0 0 0 0 16 0 0 0 0 0 0 16 0 0 0 0 0 0 16 0 0 0 0 0 16 0 0 0 0 16 0 0 0 0 0 16 0 0 0 0 0 16 0 0 0 0 0 16 0 0 0 16 0 0 0 0 0 0 16 0 0 0 0 0 0 0 16 0 0 0 0 16 0 16 0 0 0 0 16 0 0 0 0 16 0 0 0 0 0 16 0 0 0 0 16 0 0 0 0 0 16 0 0 0 0 0 16 0 16 0 0 0 0 0 0 16 0 0 16 0 0 0 0 0 0 0 0 16 0 16 0 0 0 0 0 0 16 0 0 16 0 0 0 0 0 0 0 0 16 0 16 0 0 0 0 0 0 0 16 0 0 0 0 0 0 0 16 0 0 0 0 0 16 0 16 0 0 0 0 0 0 0 0 0 0 0 16 0 16 0 0 0 0 0 16 0 16 0 0 0 0 0 0 0 0 16 0 0 0 0 0 0 0 0 0 0 16 0 0 16 0 16 0 0 0 0 0 0 0 16 0 0 0 0 0 0 0 0 0 0 0 0 0 0 0 0 0 0 0 0 0 0 0 0 0 0 16 16 0 16 
31:C:\Users\james\Documents\Projects\Lua\tic-tac-toe\.\lua_modules\share\lua\5.1\pl\Map.lua
0 0 0 0 0 0 0 0 0 0 0 0 0 0 0 0 0 0 0 0 0 0 0 0 0 0 2 2 0 0 2 
222:C:\Users\james\Documents\Projects\Lua\tic-tac-toe\.\lua_modules\share\lua\5.1\pl\Set.lua
0 0 0 0 0 0 0 0 0 0 0 0 0 0 0 0 0 0 0 0 0 0 0 0 2 2 2 2 2 2 2 2 0 0 2 0 0 2 0 0 0 2 0 0 0 0 0 2 3 3 3 0 0 7 0 5 0 0 0 2 0 2 0 0 0 0 0 2 0 0 0 0 0 0 2 0 0 0 0 0 0 2 0 0 0 0 0 2 2 2 0 0 0 0 2 2 2 0 0 0 0 0 2 0 0 0 0 0 2 0 0 0 0 0 0 0 0 0 0 0 0 0 0 0 2 0 2 0 0 0 0 2 0 0 0 0 0 2 0 2 0 0 0 0 0 0 0 0 0 0 0 0 2 0 0 0 0 2 0 0 0 0 0 2 0 2 0 0 0 0 2 0 0 0 0 0 2 0 0 0 0 2 0 0 0 0 2 0 0 0 0 2 0 2 0 0 0 0 0 0 2 0 2 0 0 0 0 0 2 0 0 0 0 2 0 0 0 2 0 2 0 2 
218:C:\Users\james\Documents\Projects\Lua\tic-tac-toe\.\lua_modules\share\lua\5.1\pl\class.lua
0 0 0 0 0 0 0 0 0 0 0 0 0 0 0 0 0 0 0 71 71 0 71 3 0 0 0 3 6 0 3 3 0 0 68 0 0 71 71 3 0 0 71 0 0 0 0 0 0 0 0 0 0 0 0 0 0 0 0 0 0 0 0 0 0 0 0 0 0 0 0 0 0 0 0 0 0 0 0 0 0 0 0 0 0 0 0 0 0 0 0 0 0 0 0 0 0 0 0 0 0 0 0 0 0 0 0 0 0 0 0 0 0 0 0 0 0 0 0 0 42 40 40 0 0 2 0 0 0 0 18 0 18 18 0 0 0 18 0 0 18 0 0 2 2 0 2 16 0 0 0 18 18 18 18 18 0 0 18 0 0 0 0 0 71 137 71 71 0 71 71 71 2 2 0 0 0 71 0 0 0 71 18 0 0 0 0 0 0 0 0 18 18 18 18 18 0 18 16 0 0 18 0 0 0 0 0 0 0 0 0 0 0 0 0 0 0 18 
527:C:\Users\james\Documents\Projects\Lua\tic-tac-toe\.\lua_modules\share\lua\5.1\pl\dir.lua
0 0 0 0 0 0 0 16 16 16 16 16 16 16 16 16 16 16 0 16 16 0 16 0 0 16 16 0 0 16 32 0 0 726 242 16 0 0 0 0 0 0 0 0 0 0 16 0 0 0 16 0 0 0 0 0 0 16 0 0 0 0 0 0 0 0 16 0 0 0 0 0 0 0 0 0 0 0 0 0 0 16 0 0 0 0 0 0 16 0 0 0 0 0 0 0 0 0 0 0 16 0 0 0 0 0 16 0 0 0 16 0 16 0 0 0 0 0 0 0 0 0 0 0 0 0 0 16 0 0 0 0 0 0 0 0 0 0 0 0 0 0 0 0 0 0 0 0 0 0 0 0 0 0 0 0 0 0 0 0 0 0 0 0 0 0 0 0 0 0 0 0 0 0 0 0 0 0 0 0 0 0 0 0 0 16 0 0 0 16 0 0 0 0 0 0 0 0 0 0 0 0 0 0 0 0 0 0 0 0 0 0 0 0 0 0 0 0 0 0 0 0 0 0 0 0 0 0 0 0 0 16 0 0 0 0 0 0 0 16 0 0 0 0 16 0 0 0 0 0 0 16 0 0 0 16 0 0 0 0 0 0 0 0 0 0 0 0 0 0 0 0 16 0 0 0 0 0 0 0 0 0 0 0 0 0 0 0 16 0 0 0 0 0 0 0 0 0 0 0 0 0 0 0 0 0 0 0 0 0 0 0 0 0 0 0 0 0 16 0 0 0 0 0 0 0 16 0 0 0 0 0 0 0 0 0 0 0 0 0 0 0 0 0 0 0 0 0 0 0 0 16 0 0 0 16 16 16 0 0 0 0 16 16 0 0 0 0 0 0 0 0 0 0 0 0 0 0 0 0 0 0 0 0 0 16 0 0 0 0 0 32 0 0 0 0 0 0 0 0 0 0 0 0 0 0 16 0 0 0 0 0 0 0 0 0 0 0 0 0 0 0 0 0 0 0 0 0 0 0 0 0 0 0 0 0 0 0 0 0 0 0 0 0 0 0 0 0 16 0 0 0 0 0 0 0 626 626 16 0 0 610 610 610 96 96 0 0 514 322 644 322 322 80 0 322 0 0 0 192 16 0 0 0 0 0 0 16 16 0 16 16 0 0 0 16 0 16 16 0 0 0 0 0 0 0 0 16 16 16 16 0 16 16 692 322 242 484 242 0 0 0 0 16 16 0 16 
451:C:\Users\james\Documents\Projects\Lua\tic-tac-toe\.\lua_modules\share\lua\5.1\pl\path.lua
0 0 0 0 0 0 0 0 0 0 0 0 0 0 0 0 0 0 0 0 0 0 0 0 0 0 0 0 0 0 0 0 0 0 0 0 0 0 0 0 0 0 0 0 0 0 0 0 0 0 0 0 0 0 0 0 0 0 0 0 0 0 0 0 0 0 0 0 0 0 0 0 0 0 0 0 0 0 0 0 0 0 0 0 0 0 0 0 0 0 0 0 0 0 0 0 0 0 0 0 0 0 0 0 0 0 0 0 0 0 0 0 0 0 0 0 0 0 0 0 0 0 354 354 0 0 0 0 0 15 16 0 0 0 0 0 0 0 0 0 0 0 0 0 0 0 0 0 0 0 0 0 0 0 0 322 322 0 0 0 0 0 0 0 0 0 0 0 0 0 0 0 0 0 0 0 0 0 0 0 0 0 40583 0 0 0 0 0 0 0 0 0 0 0 0 0 0 0 0 0 0 0 0 0 0 0 0 0 0 0 0 0 0 0 0 0 0 0 0 0 0 0 0 0 0 0 0 0 0 0 0 3150 3150 3150 40151 37001 74002 0 3150 0 0 9450 0 0 0 0 0 0 0 0 0 0 0 0 0 0 0 0 0 0 0 0 0 0 0 0 0 0 0 0 0 0 0 0 0 0 0 100 100 100 400 300 0 0 300 600 0 100 0 0 300 0 0 0 0 0 0 0 0 0 0 0 2908 2908 2908 0 0 0 0 0 0 0 0 0 0 242 242 242 0 0 0 0 0 0 0 0 0 0 100 100 100 0 0 0 0 0 0 0 0 0 0 0 0 0 0 0 0 0 0 0 0 0 0 0 0 0 0 0 0 0 0 0 0 0 0 0 0 0 0 0 0 0 0 0 0 0 0 0 0 0 0 0 0 0 0 0 0 0 0 0 0 0 484 484 484 0 0 0 0 0 0 0 0 0 0 0 16 0 16 16 16 0 0 32 0 0 32 0 0 0 0 0 0 0 16 0 0 0 0 0 0 0 0 0 0 0 16 64 48 0 0 0 0 0 48 48 0 0 16 16 16 
889:C:\Users\james\Documents\Projects\Lua\tic-tac-toe\.\lua_modules\share\lua\5.1\pl\tablex.lua
0 0 0 0 0 0 0 0 0 0 0 0 0 0 0 0 0 0 0 0 0 34 34 0 0 0 0 0 0 0 0 0 0 0 0 0 0 0 64 0 0 32 0 0 240 0 0 120 0 0 0 0 0 0 0 0 0 0 0 0 0 0 0 0 0 0 0 0 0 0 0 0 0 0 0 0 0 0 0 0 0 0 0 0 0 0 0 0 0 116 116 13111 12995 0 116 0 0 0 0 0 0 0 0 0 0 0 0 0 0 0 0 0 0 0 0 0 0 0 0 0 0 0 0 0 0 0 0 0 0 0 0 0 0 0 0 0 0 0 0 0 0 0 0 0 0 0 0 0 0 0 0 0 0 0 0 0 0 0 0 0 0 0 0 0 0 0 0 0 0 0 0 0 0 0 0 0 0 0 0 0 0 0 0 0 0 0 0 0 0 0 0 0 0 0 0 0 0 0 0 0 0 0 0 0 0 0 0 0 0 0 0 0 0 0 0 0 0 0 0 0 0 0 0 0 0 0 0 0 0 0 0 0 0 0 0 0 0 0 0 0 0 0 0 0 0 0 0 0 0 0 0 0 0 0 0 0 0 0 0 0 0 0 0 0 0 0 0 0 0 0 0 0 0 0 0 0 0 0 0 0 0 0 0 0 0 0 0 0 0 0 0 0 0 0 0 0 0 0 0 0 0 0 0 0 0 0 0 0 0 0 0 0 0 0 0 0 0 0 0 0 0 0 0 0 0 0 0 0 0 0 0 0 0 0 0 0 0 0 0 0 0 0 0 0 0 0 0 0 0 0 0 0 0 0 0 0 0 0 0 0 0 0 0 0 0 0 0 0 0 0 0 0 0 0 0 0 0 0 0 0 0 0 0 0 0 0 0 0 0 0 0 0 0 0 0 0 0 0 0 0 0 0 0 0 0 0 0 0 0 0 0 0 0 0 0 0 0 0 0 0 0 0 0 0 0 0 0 0 0 0 0 0 0 0 0 0 0 0 0 0 0 0 0 0 0 0 0 0 0 0 0 0 0 0 0 0 0 0 0 0 0 0 0 0 0 0 0 0 0 0 0 0 0 0 0 0 0 0 0 0 0 0 0 0 0 0 0 0 0 0 0 0 0 0 0 0 0 0 0 0 0 0 0 0 0 0 0 0 0 0 0 0 0 0 0 0 0 0 0 0 0 0 0 0 0 0 0 0 0 0 0 0 0 0 0 0 0 0 0 0 0 0 0 0 0 0 0 0 0 0 0 0 0 0 0 0 0 0 0 0 0 0 0 0 0 0 0 0 0 0 0 0 0 0 0 0 0 0 0 0 0 0 0 0 0 0 0 0 0 0 0 0 0 0 0 0 0 0 0 0 0 0 0 0 0 0 0 0 0 0 0 0 0 0 0 0 0 0 0 0 0 0 0 0 0 0 0 0 0 0 0 0 0 2 2 2 18 2 0 0 6 4 0 0 2 0 0 0 0 0 0 0 0 0 0 0 0 0 0 0 0 0 0 0 0 0 0 0 0 0 0 0 0 0 0 0 0 0 0 0 0 0 0 0 0 0 0 0 0 0 0 0 0 0 0 0 0 0 0 0 0 0 0 0 0 0 0 0 0 0 0 0 0 0 0 0 0 0 0 0 0 0 0 0 32 64 32 374 342 684 200 200 0 0 32 0 0 0 0 0 0 0 0 0 0 0 0 0 0 0 0 0 0 0 0 0 0 0 0 0 0 0 0 0 0 0 0 0 0 0 0 0 0 0 0 0 0 0 0 0 0 0 0 0 0 0 0 0 0 0 0 0 0 0 0 0 0 0 0 0 0 0 0 0 0 0 0 0 0 0 0 0 0 0 0 0 0 0 0 0 0 0 0 0 0 0 0 0 0 0 0 0 0 0 0 0 0 0 0 0 0 0 0 0 0 0 0 0 0 0 0 0 0 0 0 0 0 0 0 0 0 0 0 0 0 0 0 0 0 0 0 0 16 16 16 16 0 0 0 16 16 0 0 16 116 100 0 0 16 
115:C:\Users\james\Documents\Projects\Lua\tic-tac-toe\.\lua_modules\share\lua\5.1\pl\types.lua
0 0 0 0 0 0 0 0 0 0 0 0 0 0 0 0 0 0 0 0 0 0 0 0 0 0 0 0 0 0 0 0 0 0 0 0 0 0 0 0 0 0 0 0 0 0 0 0 0 0 0 0 0 0 0 0 0 0 0 0 0 0 0 0 0 0 0 0 0 0 0 0 0 0 0 0 0 0 0 0 0 0 0 0 152 0 0 0 0 0 0 0 0 0 0 0 0 0 32 32 0 0 0 0 0 0 0 0 0 0 0 0 0 120 120 
687:C:\Users\james\Documents\Projects\Lua\tic-tac-toe\.\lua_modules\share\lua\5.1\pl\utils.lua
0 0 0 0 0 0 0 0 0 0 0 0 0 0 0 0 0 0 0 0 0 0 0 0 0 0 0 0 0 0 0 0 0 0 0 0 0 0 0 0 0 0 0 0 0 0 0 0 0 0 0 0 0 0 0 0 0 0 0 0 0 0 0 0 0 0 0 0 0 0 0 0 0 0 0 0 0 0 0 0 0 0 0 0 0 0 0 0 0 0 0 0 0 0 0 0 0 0 0 0 0 0 0 0 0 0 0 0 0 0 0 0 0 0 0 0 0 0 0 0 0 0 0 0 0 0 0 0 0 0 0 0 0 0 0 0 0 0 0 0 0 0 0 0 0 0 0 0 0 0 0 0 0 0 0 0 0 0 0 0 0 0 0 0 0 0 0 0 0 0 0 0 0 0 0 0 0 0 0 0 0 0 0 0 0 0 0 0 0 0 0 0 0 0 0 0 0 0 0 0 0 0 0 0 0 0 0 0 0 0 0 0 0 0 0 0 0 0 0 0 0 0 0 0 0 0 0 0 0 0 0 0 0 0 0 0 0 0 0 0 0 0 0 0 0 0 0 0 0 0 0 0 0 0 0 0 0 0 0 0 0 0 0 0 0 0 0 0 0 0 0 0 0 0 0 0 0 0 0 0 0 0 0 0 0 7997 0 0 8013 0 0 7997 0 0 0 0 0 0 0 0 0 0 0 0 0 0 0 0 0 0 0 0 0 0 0 0 0 0 0 0 0 0 0 0 0 0 0 0 0 0 0 0 0 0 0 0 0 0 0 0 0 0 0 0 0 0 0 0 0 0 0 0 0 0 0 0 0 0 0 0 0 0 0 0 0 0 0 0 0 0 0 0 0 0 0 0 0 0 0 0 0 0 0 0 0 0 0 0 0 0 0 0 0 0 0 0 0 0 0 0 0 0 0 0 0 0 0 0 0 0 0 0 0 0 0 0 0 0 0 0 0 0 0 0 0 0 0 0 0 0 32 32 32 0 0 0 0 0 0 0 0 0 0 0 0 0 0 0 0 0 0 0 0 0 0 0 0 0 0 0 0 0 0 0 0 0 0 0 0 0 7933 0 0 0 0 0 0 0 0 0 0 0 0 0 0 0 0 0 0 0 0 0 0 0 0 0 0 0 0 0 0 0 0 0 0 0 0 0 0 0 0 0 0 0 0 0 0 0 0 0 0 0 0 0 0 0 0 0 0 0 0 0 0 0 0 0 0 0 0 0 0 0 0 0 0 0 0 0 0 0 0 0 0 0 0 0 0 0 0 0 0 0 0 0 0 0 0 0 0 0 0 0 0 0 0 0 0 0 0 0 0 0 0 0 0 0 0 0 0 0 0 0 0 0 0 0 0 0 0 0 0 0 0 0 0 0 0 0 0 0 0 0 0 0 0 0 0 0 0 0 0 0 0 0 0 0 0 0 0 0 0 0 0 0 0 0 0 0 0 0 0 0 0 0 0 0 0 0 0 0 0 0 0 0 0 0 0 0 0 0 0 0 0 0 0 0 0 0 0 0 0 0 0 0 0 0 0 0 0 0 0 0 0 0 0 242 242 
52:C:\Users\james\Documents\Projects\Lua\tic-tac-toe\.\lua_modules\share\lua\5.1\say\init.lua
0 0 0 0 0 0 0 0 0 0 0 0 0 16 16 0 0 16 0 0 0 0 0 0 0 0 0 523 558 0 0 0 0 4108 0 0 4108 4108 0 4108 0 4108 0 0 4108 4108 0 16090 11982 0 0 4108 
68:C:\Users\james\Documents\Projects\Lua\tic-tac-toe\pkg\classic.lua
0 0 0 0 0 0 0 0 0 0 0 16 16 0 0 123 0 0 16 364 2960 2596 1179 0 0 364 364 364 364 16 0 0 16 0 0 0 0 0 0 0 16 0 0 16 427 571 571 427 0 144 0 0 16 0 0 16 0 16 0 0 16 13465 13465 13457 16 0 0 16 
103:C:\Users\james\Documents\Projects\Lua\tic-tac-toe\spec\helper\registerClass.lua
16 16 16 16 0 32 16 0 0 0 0 0 0 16 0 32 16 0 0 0 0 0 0 16 0 0 48 48 48 48 0 0 0 48 96 48 96 0 0 48 48 0 48 16 0 32 16 16 16 16 0 16 0 32 16 16 16 16 0 16 0 32 16 0 0 0 0 0 0 0 16 0 32 16 0 0 0 0 0 0 0 16 0 32 16 16 16 16 0 16 0 32 16 16 16 16 0 16 0 16 16 16 32 
51:C:\Users\james\Documents\Projects\Lua\tic-tac-toe\spec\helper\registerContains.lua
15 15 15 0 30 15 0 0 0 0 0 0 15 0 30 15 0 0 0 0 0 0 15 0 0 30 30 30 30 0 0 0 30 0 0 30 0 45 30 15 0 0 0 15 15 0 15 15 0 15 30 
58:C:\Users\james\Documents\Projects\Lua\tic-tac-toe\spec\helper\registerMockIO.lua
16 16 16 16 0 16 0 0 0 0 0 0 283 283 283 0 283 0 0 0 283 0 283 566 0 589 509 203 0 0 0 80 16 0 32 16 0 0 0 0 0 0 16 0 32 16 0 0 0 0 0 0 0 16 0 16 0 32 
63:C:\Users\james\Documents\Projects\Lua\tic-tac-toe\spec\io\MockIO.lua
16 0 0 0 0 16 0 16 0 16 0 0 32 0 0 0 32 48 0 0 8 72 80 0 8 72 72 80 0 0 0 8 136 0 136 136 16 72 80 8 67 83 72 80 80 0 0 0 0 8 136 0 136 136 8 0 0 0 8 88 96 0 8 
109:C:\Users\james\Documents\Projects\Lua\tic-tac-toe\tic-tac-toe\App.lua
16 0 16 16 16 16 16 0 15 0 0 0 1 0 16 1 15 15 0 0 1 0 16 0 16 0 15 0 0 0 0 0 1 0 15 1 0 15 0 1 9 24 144 140 135 79 4 60 61 0 15 0 1 2 15 35 3 81 51 96 96 0 6 90 3 0 30 17 1 0 15 1 0 0 0 0 0 0 0 0 0 0 0 0 0 0 0 0 0 0 15 1 0 15 28 18 0 18 0 42 1 15 1 0 0 15 1 15 1 
36:C:\Users\james\Documents\Projects\Lua\tic-tac-toe\tic-tac-toe\Board\Mark.lua
52 0 0 0 0 0 52 0 52 0 0 0 52 104 156 0 52 52 0 52 52 52 0 0 52 2799 52 0 52 16 52 0 52 52 52 52 
151:C:\Users\james\Documents\Projects\Lua\tic-tac-toe\tic-tac-toe\Board\init.lua
44 0 44 0 0 0 0 0 0 44 0 0 0 0 40 4 40 4 0 0 44 67 5575 670 6178 50200 45251 0 0 5615 4 65 650 625 1121 5945 4824 4889 4828 0 536 44 4 4 44 44 44 44 44 44 44 40 40 40 0 4 1188 0 0 40 20408 598 0 0 9907 9947 4 666 4 0 40 10096 40 0 4 786 4 0 40 10201 40 4 270 248 344 368 74677 67348 106057 104111 65170 65418 16 0 0 67116 1968 4 0 0 7329 44 8 46 43 83 15280 14769 14764 2778 0 8 4 511 40 0 0 4 40 135 127 127 53 0 0 0 4 40 0 0 0 4 40 4 40 0 0 40 0 0 0 0 0 0 0 0 28 0 40 0 12 
54:C:\Users\james\Documents\Projects\Lua\tic-tac-toe\tic-tac-toe\IO.lua
16 0 0 0 0 16 0 16 0 0 16 0 48 48 240 192 0 0 64 0 0 0 16 192 208 0 0 0 10 0 0 8 0 0 6 8 2 0 0 8 8 0 6 10 0 0 8 8 2 6 8 0 8 6 
179:C:\Users\james\Documents\Projects\Lua\tic-tac-toe\tic-tac-toe\Player\Computer.lua
16 14 2 16 2 0 0 0 0 14 1 18 3 0 0 1 16 56 112 70 0 14 2 0 16 98 2 2 2 49 4 59 57 59 260 215 211 213 29 192 70 70 0 0 0 51 4 57 20 0 0 14 42 42 2 142 206 71 14 0 0 4 2 0 0 0 0 0 2 90 20 0 0 0 94 142 2 0 0 0 23 2 0 0 0 0 2 5 50 90 2 0 0 0 5 2 0 0 0 2 1 0 10 18 7 0 0 0 6 8 4 0 0 0 0 0 0 1 2 0 0 0 0 2 0 0 0 0 0 0 0 0 0 0 0 0 2 0 0 0 2 0 0 0 0 0 0 0 0 0 0 0 0 0 0 0 2 0 0 2 3 3 1 0 0 2 2 1 0 0 1 1 1 0 0 0 2 0 2 
58:C:\Users\james\Documents\Projects\Lua\tic-tac-toe\tic-tac-toe\Player\Human.lua
16 16 0 16 16 0 16 16 16 0 0 0 0 0 16 0 16 0 16 0 0 0 16 0 0 0 0 16 48 64 0 0 0 0 16 64 64 64 56 96 0 32 16 0 16 64 64 64 32 32 64 0 0 0 0 16 0 16 
85:C:\Users\james\Documents\Projects\Lua\tic-tac-toe\tic-tac-toe\Player\Minimax.lua
21 21 0 21 0 0 0 0 21 2772 0 27720 24948 24948 5019 0 0 0 2772 21 0 0 0 0 0 0 21 5020 0 5020 0 5020 21 0 0 0 0 21 10094 1085 7924 749 6426 490 0 0 2723 21 0 0 0 0 21 21 21 21 0 0 21 21 21 21 0 0 0 0 0 21 5019 5019 2296 0 0 2723 2723 2723 10262 4816 9632 0 0 2723 21 0 21 
30:C:\Users\james\Documents\Projects\Lua\tic-tac-toe\tic-tac-toe\Player\init.lua
29 0 0 0 0 0 0 29 0 29 0 0 0 0 29 113 103 129 0 10 10 39 5 26 0 29 0 3 0 3 
150:C:\Users\james\Documents\Projects\Lua\tic-tac-toe\tic-tac-toe\board\Board.lua
40 0 40 0 0 0 0 0 0 40 0 0 0 0 40 0 40 0 0 0 40 0 7196 0 7196 61360 55224 0 0 7236 0 0 0 40 1036 10360 9324 9324 9324 0 1036 40 0 0 40 40 40 40 40 40 40 40 40 40 0 0 0 0 0 40 31076 1 5840 5855 9694 9719 0 0 15 5930 40 9830 25 0 0 0 15 5975 40 9905 25 0 0 15 31905 28789 98628 92559 103685 102295 46550 46550 0 28764 834 47940 1390 0 3141 15 5235 25 0 15 6567 6373 17293 11777 10580 1995 0 219 15 365 25 0 15 63 85 165 118 100 30 0 3 15 5 25 0 0 15 0 40 0 25 15 0 25 0 0 0 0 0 0 0 15 0 40 0 25 
36:C:\Users\james\Documents\Projects\Lua\tic-tac-toe\tic-tac-toe\board\Mark.lua
48 0 0 0 0 0 48 0 48 0 0 0 48 96 144 0 48 48 0 48 48 48 0 0 48 3184 48 0 48 416 48 0 48 48 48 48 
127:C:\Users\james\Documents\Projects\Lua\tic-tac-toe\tic-tac-toe\player\Computer.lua
16 0 16 16 0 16 0 0 0 0 16 0 16 0 0 0 0 16 3168 0 31680 28512 28512 5736 0 0 0 3168 16 0 0 0 0 0 0 16 6136 6136 6136 16 0 16 0 0 0 0 16 11536 1240 9056 856 7344 560 0 0 3112 16 0 0 0 0 16 16 16 16 0 0 16 16 16 16 0 0 0 0 0 16 5736 5736 2624 0 0 3112 3112 3112 11728 5504 11008 0 0 3112 16 0 0 16 56 56 0 56 56 56 288 232 232 232 32 200 72 72 0 0 0 56 16 0 0 16 96 0 0 48 48 48 0 16 0 16 
51:C:\Users\james\Documents\Projects\Lua\tic-tac-toe\tic-tac-toe\player\Human.lua
16 16 0 16 16 0 16 16 16 0 0 0 0 0 16 0 16 0 16 0 0 0 16 0 0 0 0 16 64 64 64 56 96 0 32 16 0 16 64 64 64 32 32 64 0 0 0 0 16 0 16 
28:C:\Users\james\Documents\Projects\Lua\tic-tac-toe\tic-tac-toe\player\IPlayer.lua
32 0 0 0 0 0 0 32 0 32 0 0 0 0 32 127 0 119 119 151 0 0 0 32 7 32 0 32 
