SF:C:\Users\james\Documents\Projects\Lua\tic-tac-toe\.\lua_modules\lib\luarocks\rocks-5.1\busted\2.1.2-3\bin\busted
DA:3,16
LH:1
LF:1
end_of_record
SF:C:\Users\james\Documents\Projects\Lua\tic-tac-toe\.\lua_modules\share\lua\5.1\busted\block.lua
DA:1,0
DA:2,0
DA:3,0
DA:6,0
DA:7,0
DA:8,0
DA:10,0
DA:12,0
DA:16,16
DA:17,16
DA:19,16
DA:20,21556
DA:21,0
DA:25,16
DA:26,1268
DA:27,1268
DA:28,22824
DA:29,41844
DA:30,20288
DA:36,144
DA:37,144
DA:38,288
DA:39,144
DA:42,16
DA:43,3372
DA:45,3372
DA:46,2248
DA:47,2248
DA:48,0
DA:52,3372
DA:53,398
DA:55,3372
DA:56,3372
DA:57,2974
DA:60,398
DA:61,398
DA:62,0
DA:63,0
DA:64,0
DA:68,398
DA:70,398
DA:73,16
DA:74,3770
DA:76,3770
DA:77,2248
DA:78,2248
DA:79,0
DA:83,3770
DA:85,3770
DA:86,3770
DA:87,0
DA:88,0
DA:89,0
DA:92,3770
DA:95,16
DA:96,4168
DA:97,4168
DA:99,4168
DA:100,4312
DA:101,432
DA:102,0
DA:103,0
DA:107,4168
DA:108,4496
DA:109,0
DA:112,4168
DA:115,16
DA:116,1124
DA:119,16
DA:120,398
DA:121,398
DA:122,398
DA:126,16
DA:127,398
DA:130,16
DA:131,398
DA:134,16
DA:135,382
DA:137,382
DA:138,382
DA:139,382
DA:140,0
DA:141,0
DA:142,0
DA:146,1146
DA:147,382
DA:148,0
DA:149,382
DA:150,0
DA:151,0
DA:154,764
DA:155,382
DA:158,382
DA:159,382
DA:163,16
LH:69
LF:95
end_of_record
SF:C:\Users\james\Documents\Projects\Lua\tic-tac-toe\.\lua_modules\share\lua\5.1\busted\context.lua
DA:1,0
DA:4,100
DA:5,4800
DA:6,4700
DA:8,100
DA:9,100
DA:10,100
DA:11,200
DA:12,100
DA:16,100
DA:17,4800
DA:18,4700
DA:20,4800
DA:22,4700
DA:23,0
DA:26,13343
DA:27,13243
DA:32,0
DA:34,0
DA:35,0
DA:36,0
DA:37,0
DA:38,0
DA:40,0
DA:41,0
DA:42,0
DA:45,144
DA:46,144
DA:47,288
DA:48,288
DA:49,144
DA:51,144
DA:52,288
DA:54,0
DA:55,0
DA:57,0
DA:58,0
DA:65,1650
DA:66,1650
DA:67,200
DA:68,1550
DA:69,288
DA:70,1406
DA:71,0
DA:73,1650
DA:77,1650
DA:78,1650
DA:79,0
DA:81,1650
DA:82,100
DA:86,0
DA:87,38902
DA:88,0
DA:91,0
DA:92,0
DA:95,0
DA:96,0
DA:97,0
DA:98,0
DA:99,0
DA:100,0
DA:101,0
DA:104,0
DA:105,1554
DA:106,1554
DA:107,1554
DA:110,0
DA:111,414
DA:114,0
DA:115,120004
DA:118,0
DA:119,6200
DA:120,6200
DA:121,6200
DA:122,6200
DA:125,0
DA:126,6200
DA:127,12400
DA:128,6200
DA:129,6200
DA:132,0
DA:135,0
LH:47
LF:82
end_of_record
SF:C:\Users\james\Documents\Projects\Lua\tic-tac-toe\.\lua_modules\share\lua\5.1\busted\core.lua
DA:1,0
DA:2,0
DA:3,0
DA:4,0
DA:5,0
DA:6,0
DA:7,0
DA:9,0
DA:12,0
DA:15,0
DA:17,0
DA:20,0
DA:23,0
DA:27,0
DA:28,0
DA:29,0
DA:30,0
DA:31,0
DA:33,0
DA:37,0
DA:41,100
DA:45,0
DA:47,0
DA:48,0
DA:50,0
DA:51,0
DA:53,0
DA:55,0
DA:56,0
DA:57,0
DA:58,0
DA:60,0
DA:61,0
DA:62,0
DA:63,0
DA:65,0
DA:67,0
DA:68,0
DA:69,0
DA:71,1454
DA:73,1454
DA:74,1454
DA:75,1454
DA:76,4362
DA:77,0
DA:78,0
DA:81,1454
DA:82,1454
DA:84,1454
DA:85,2908
DA:88,0
DA:89,0
DA:90,0
DA:91,0
DA:92,0
DA:94,0
DA:95,0
DA:96,0
DA:97,0
DA:98,0
DA:101,0
DA:104,0
DA:105,4614
DA:108,0
DA:109,496
DA:112,0
DA:113,0
DA:116,0
DA:117,1454
DA:119,1454
DA:120,1454
DA:121,282
DA:122,282
DA:123,282
DA:124,282
DA:125,282
DA:126,282
DA:129,1172
DA:130,1172
DA:131,1172
DA:132,1172
DA:133,1172
DA:134,1172
DA:137,0
DA:140,0
DA:143,0
DA:144,0
DA:145,0
DA:146,0
DA:147,0
DA:148,0
DA:149,0
DA:152,0
DA:153,0
DA:154,0
DA:155,0
DA:158,0
DA:159,0
DA:160,0
DA:161,0
DA:162,0
DA:163,0
DA:166,0
DA:167,200
DA:169,100
DA:173,0
DA:174,6200
DA:176,6200
DA:178,12400
DA:179,0
DA:180,0
DA:181,0
DA:182,12400
DA:184,6200
DA:185,0
DA:186,0
DA:187,0
DA:188,0
DA:189,0
DA:192,0
DA:201,0
DA:203,12400
DA:205,6200
DA:206,6200
DA:209,0
DA:210,3044
DA:211,3044
DA:212,3044
DA:213,1522
DA:214,1522
DA:215,1522
DA:216,1522
DA:217,1522
DA:218,1522
DA:220,6088
DA:221,3044
DA:222,6088
DA:223,3044
DA:226,0
DA:227,0
DA:230,0
DA:231,0
DA:232,0
DA:235,0
DA:236,0
DA:237,0
DA:240,0
DA:242,0
DA:243,0
DA:244,0
DA:245,0
DA:246,0
DA:247,0
DA:248,0
DA:250,0
DA:251,0
DA:252,0
DA:254,0
DA:255,0
DA:259,1554
DA:260,48
DA:261,48
DA:262,1506
DA:263,0
DA:268,1554
DA:269,3108
DA:270,2908
DA:274,1554
DA:277,3108
DA:280,0
DA:281,0
DA:282,0
DA:284,0
DA:285,1554
DA:286,1554
DA:287,1554
DA:288,1554
DA:289,1554
DA:290,1554
DA:291,1554
DA:299,1554
DA:301,1554
DA:302,446
DA:304,1108
DA:309,0
DA:310,414
DA:311,2350
DA:312,1554
DA:313,1554
DA:314,4518
DA:319,0
LH:75
LF:191
end_of_record
SF:C:\Users\james\Documents\Projects\Lua\tic-tac-toe\.\lua_modules\share\lua\5.1\busted\environment.lua
DA:1,0
DA:5,0
DA:8,135386
DA:9,0
DA:10,122506
DA:11,302292
DA:12,122506
DA:16,0
DA:17,0
DA:21,69244
DA:25,0
DA:28,0
DA:30,0
DA:31,100
DA:34,0
DA:35,0
DA:37,0
DA:38,0
DA:39,0
DA:42,0
DA:44,0
LH:6
LF:21
end_of_record
SF:C:\Users\james\Documents\Projects\Lua\tic-tac-toe\.\lua_modules\share\lua\5.1\busted\execute.lua
DA:1,16
DA:2,16
DA:3,16
DA:6,0
DA:7,0
DA:8,0
DA:10,0
DA:12,0
DA:16,16
DA:19,16
DA:20,32
DA:23,0
DA:25,0
DA:26,0
DA:27,0
DA:28,0
DA:31,0
DA:32,0
DA:33,0
DA:35,0
DA:38,0
DA:41,32
DA:42,16
DA:43,0
DA:44,0
DA:45,0
DA:48,16
DA:49,0
DA:50,16
DA:51,0
DA:52,0
DA:55,16
DA:56,32
DA:57,32
DA:58,16
DA:60,16
DA:61,16
DA:63,16
DA:65,16
DA:71,16
LH:19
LF:40
end_of_record
SF:C:\Users\james\Documents\Projects\Lua\tic-tac-toe\.\lua_modules\share\lua\5.1\busted\init.lua
DA:2,0
DA:5,100
DA:6,200
DA:7,100
DA:9,100
DA:13,282
DA:14,564
DA:15,282
DA:17,282
DA:21,1124
DA:24,2248
DA:26,0
DA:29,1124
DA:31,1124
DA:32,1124
DA:33,1124
DA:35,1124
DA:37,1124
DA:38,1124
DA:39,2248
DA:40,2248
DA:41,1124
DA:42,0
DA:43,0
DA:46,0
DA:48,2248
DA:51,1124
DA:55,0
DA:56,0
DA:57,0
DA:58,0
DA:60,0
DA:63,0
DA:65,0
DA:66,0
DA:67,0
DA:69,0
DA:71,0
DA:73,0
DA:74,0
DA:76,0
DA:77,0
DA:78,0
DA:79,0
DA:81,0
DA:82,0
DA:84,0
DA:85,0
DA:86,0
DA:88,0
DA:90,0
DA:91,0
DA:92,0
DA:93,0
DA:94,0
DA:98,0
DA:99,0
DA:100,0
DA:101,0
DA:102,0
DA:104,0
DA:105,0
DA:106,0
DA:108,0
DA:109,0
DA:110,0
DA:111,0
DA:112,0
DA:113,0
DA:114,0
DA:115,0
DA:117,0
DA:118,0
DA:120,0
DA:123,0
DA:125,0
DA:127,0
DA:129,2520
DA:133,0
LH:23
LF:79
end_of_record
SF:C:\Users\james\Documents\Projects\Lua\tic-tac-toe\.\lua_modules\share\lua\5.1\busted\languages\en.lua
DA:1,16
DA:3,16
DA:6,16
DA:7,16
DA:8,16
DA:9,16
DA:11,16
DA:12,16
DA:13,16
DA:14,16
DA:16,16
DA:17,16
DA:18,16
DA:19,16
DA:21,16
DA:22,16
DA:23,16
DA:24,16
DA:26,16
DA:28,16
DA:29,16
DA:32,16
DA:33,16
DA:42,16
DA:43,16
DA:49,16
DA:50,16
LH:27
LF:27
end_of_record
SF:C:\Users\james\Documents\Projects\Lua\tic-tac-toe\.\lua_modules\share\lua\5.1\busted\luajit.lua
DA:1,16
DA:3,16
DA:4,0
DA:10,16
DA:18,48
DA:19,48
DA:21,48
DA:22,0
DA:23,0
DA:25,0
DA:26,0
DA:28,0
DA:30,0
DA:32,0
DA:35,0
DA:36,0
DA:41,16
DA:42,16
DA:44,16
DA:45,0
DA:46,0
DA:48,0
DA:49,0
DA:51,0
DA:54,0
DA:55,0
DA:60,16
DA:61,16
DA:62,16
DA:63,16
LH:13
LF:30
end_of_record
SF:C:\Users\james\Documents\Projects\Lua\tic-tac-toe\.\lua_modules\share\lua\5.1\busted\modules\files\lua.lua
DA:1,16
DA:3,16
DA:6,1454
DA:7,2908
DA:8,1454
DA:12,200
DA:16,100
DA:17,100
DA:18,0
DA:20,100
DA:23,16
LH:10
LF:11
end_of_record
SF:C:\Users\james\Documents\Projects\Lua\tic-tac-toe\.\lua_modules\share\lua\5.1\busted\modules\files\moonscript.lua
DA:1,16
DA:3,32
DA:4,16
DA:7,16
DA:11,0
DA:12,0
DA:13,0
DA:14,0
DA:17,0
DA:21,0
DA:22,0
DA:23,0
DA:24,0
DA:25,0
DA:30,0
DA:36,0
DA:41,0
DA:43,0
DA:45,0
DA:46,0
DA:47,0
DA:48,0
DA:49,0
DA:53,0
DA:56,0
DA:57,0
DA:59,0
DA:60,0
DA:61,0
DA:62,0
DA:63,0
DA:66,0
DA:69,16
DA:72,0
DA:73,0
DA:75,0
DA:76,0
DA:77,0
DA:78,0
DA:80,0
DA:84,0
DA:85,0
DA:86,0
DA:89,0
DA:90,0
DA:92,0
DA:96,0
DA:100,0
DA:101,0
DA:102,0
DA:104,0
DA:107,16
LH:6
LF:52
end_of_record
SF:C:\Users\james\Documents\Projects\Lua\tic-tac-toe\.\lua_modules\share\lua\5.1\busted\modules\filter_loader.lua
DA:4,1124
DA:5,1124
DA:7,2248
DA:8,2248
DA:9,1124
DA:10,2248
DA:13,1124
DA:17,0
DA:18,0
DA:22,1406
DA:23,0
DA:24,0
DA:27,1406
DA:31,1124
DA:32,1124
DA:33,0
DA:34,0
DA:37,1124
DA:41,1406
DA:42,0
DA:43,0
DA:46,1406
DA:50,1124
DA:51,0
DA:52,0
DA:55,1124
DA:59,0
DA:60,0
DA:61,0
DA:62,0
DA:63,0
DA:65,0
DA:67,0
DA:71,0
DA:74,16
DA:76,0
DA:77,0
DA:79,0
DA:80,0
DA:84,0
DA:88,128
DA:89,224
DA:90,160
DA:96,0
DA:97,0
DA:98,0
DA:99,0
DA:104,16
DA:105,0
DA:106,0
DA:107,0
DA:108,0
DA:109,0
DA:110,0
DA:111,0
DA:112,0
DA:113,0
DA:114,0
DA:115,0
DA:116,0
DA:119,16
DA:120,16
DA:121,16
DA:122,16
DA:125,16
DA:126,16
DA:127,16
DA:128,16
DA:131,0
LH:29
LF:69
end_of_record
SF:C:\Users\james\Documents\Projects\Lua\tic-tac-toe\.\lua_modules\share\lua\5.1\busted\modules\helper_loader.lua
DA:1,0
DA:2,0
DA:3,0
DA:7,16
DA:8,32
DA:11,16
DA:12,16
DA:14,16
DA:15,32
DA:16,0
DA:17,0
DA:19,0
DA:22,16
DA:23,0
DA:27,16
DA:29,16
DA:30,0
DA:32,16
DA:35,0
LH:10
LF:19
end_of_record
SF:C:\Users\james\Documents\Projects\Lua\tic-tac-toe\.\lua_modules\share\lua\5.1\busted\modules\output_handler_loader.lua
DA:1,0
DA:2,0
DA:3,0
DA:9,16
DA:10,32
DA:11,16
DA:12,0
DA:13,16
DA:14,0
DA:16,16
DA:20,16
DA:21,0
DA:24,16
DA:25,0
DA:26,0
DA:29,16
DA:30,0
DA:33,32
DA:36,0
LH:9
LF:19
end_of_record
SF:C:\Users\james\Documents\Projects\Lua\tic-tac-toe\.\lua_modules\share\lua\5.1\busted\modules\test_file_loader.lua
DA:1,16
DA:4,16
DA:5,16
DA:6,16
DA:7,16
DA:9,48
DA:10,32
DA:11,32
DA:17,32
DA:18,0
DA:19,32
DA:20,16
DA:21,32
DA:23,32
DA:24,242
DA:25,242
DA:26,0
DA:27,0
DA:30,384
DA:31,242
DA:32,100
DA:35,142
DA:38,32
DA:39,100
DA:40,100
DA:42,0
DA:46,0
DA:47,0
DA:50,16
DA:51,16
DA:55,16
DA:56,32
DA:57,32
DA:59,16
DA:64,100
DA:65,200
DA:66,100
DA:72,16
DA:74,116
DA:75,100
DA:77,100
DA:78,200
DA:79,100
DA:80,100
DA:81,100
DA:82,100
DA:85,100
DA:89,16
DA:90,0
DA:91,0
DA:92,0
DA:94,0
DA:97,16
DA:100,16
LH:44
LF:54
end_of_record
SF:C:\Users\james\Documents\Projects\Lua\tic-tac-toe\.\lua_modules\share\lua\5.1\busted\outputHandlers\base.lua
DA:1,16
DA:2,16
DA:5,16
DA:6,16
DA:7,16
DA:9,16
DA:11,16
DA:13,16
DA:15,16
DA:19,3372
DA:23,16
DA:24,16
DA:26,16
DA:27,0
DA:30,32
DA:31,32
DA:32,32
DA:33,32
DA:34,32
DA:35,32
DA:36,32
DA:37,32
DA:38,32
DA:39,32
DA:43,2248
DA:44,1124
DA:46,2248
DA:47,2248
DA:49,1124
DA:50,3372
DA:53,1124
DA:58,1124
DA:59,13488
DA:60,12364
DA:61,10116
DA:64,1124
DA:67,1124
DA:68,1124
DA:69,2248
DA:70,2248
DA:71,1124
DA:72,1124
DA:73,1124
DA:75,1124
DA:77,1124
DA:81,16
DA:82,0
DA:85,16
DA:89,16
DA:90,16
DA:91,16
DA:95,0
DA:96,0
DA:97,0
DA:98,0
DA:99,0
DA:100,0
DA:101,0
DA:102,0
DA:103,0
DA:105,0
DA:109,16
DA:110,16
DA:111,16
DA:115,1124
DA:116,1124
DA:122,1124
DA:123,1124
DA:124,1124
DA:125,0
DA:126,0
DA:127,0
DA:128,0
DA:130,0
DA:131,0
DA:132,0
DA:134,0
DA:137,1124
DA:139,1124
DA:140,1124
DA:141,1124
DA:142,0
DA:145,1124
DA:148,1124
DA:150,1124
DA:154,0
DA:155,0
DA:156,0
DA:157,0
DA:161,0
DA:162,0
DA:166,0
DA:167,0
DA:168,0
DA:172,0
DA:173,0
DA:174,0
DA:177,0
DA:180,16
LH:65
LF:99
end_of_record
SF:C:\Users\james\Documents\Projects\Lua\tic-tac-toe\.\lua_modules\share\lua\5.1\busted\outputHandlers\plainTerminal.lua
DA:1,16
DA:2,16
DA:3,16
DA:4,16
DA:5,16
DA:6,16
DA:7,16
DA:8,16
DA:9,16
DA:12,16
DA:13,16
DA:15,16
DA:16,16
DA:17,16
DA:18,16
DA:21,0
DA:23,0
DA:24,0
DA:25,0
DA:26,0
DA:28,0
DA:29,0
DA:30,0
DA:31,0
DA:34,0
DA:38,0
DA:39,0
DA:40,0
DA:41,0
DA:42,0
DA:44,0
DA:47,0
DA:51,0
DA:52,0
DA:53,0
DA:56,0
DA:57,0
DA:58,0
DA:61,0
DA:62,0
DA:63,0
DA:64,0
DA:65,0
DA:68,0
DA:69,0
DA:72,0
DA:76,16
DA:77,16
DA:78,16
DA:79,16
DA:81,16
DA:82,16
DA:83,16
DA:84,16
DA:85,16
DA:87,16
DA:88,0
DA:89,16
DA:90,0
DA:93,16
DA:94,32
DA:95,0
DA:96,0
DA:99,16
DA:100,32
DA:101,0
DA:102,0
DA:105,16
DA:106,32
DA:107,0
DA:108,0
DA:111,16
DA:113,16
DA:114,16
DA:115,16
DA:116,16
DA:117,32
DA:121,1124
DA:122,1124
DA:124,1124
DA:125,0
DA:126,1124
DA:127,0
DA:128,1124
DA:129,0
DA:132,1124
DA:133,1124
DA:136,1124
DA:140,16
DA:141,16
DA:142,16
DA:144,16
DA:148,16
DA:149,32
DA:151,16
DA:152,0
DA:153,0
DA:156,16
DA:157,0
DA:158,0
DA:161,16
DA:162,0
DA:163,0
DA:166,16
DA:170,0
DA:171,0
DA:173,0
DA:176,32
DA:177,32
DA:178,32
DA:179,32
DA:180,32
DA:181,32
DA:182,32
DA:184,16
LH:64
LF:115
end_of_record
SF:C:\Users\james\Documents\Projects\Lua\tic-tac-toe\.\lua_modules\share\lua\5.1\busted\runner.lua
DA:3,0
DA:4,0
DA:5,0
DA:6,0
DA:7,0
DA:8,0
DA:9,0
DA:12,7
DA:14,0
DA:15,0
DA:16,0
DA:18,0
DA:20,0
DA:21,0
DA:22,0
DA:23,0
DA:25,0
DA:27,0
DA:29,0
DA:30,0
DA:31,0
DA:32,0
DA:33,0
DA:36,0
DA:37,0
DA:38,0
DA:39,0
DA:40,0
DA:41,0
DA:44,0
DA:46,0
DA:47,0
DA:51,0
DA:52,0
DA:53,0
DA:54,0
DA:58,0
DA:59,0
DA:60,16
DA:61,0
DA:62,0
DA:67,16
DA:68,0
DA:72,16
DA:73,0
DA:74,0
DA:78,16
DA:79,16
DA:82,16
DA:83,16
DA:87,16
DA:88,16
DA:89,0
DA:94,16
DA:95,16
DA:96,16
DA:98,32
DA:99,0
DA:100,0
DA:103,32
DA:104,0
DA:105,0
DA:108,32
DA:109,0
DA:110,0
DA:111,0
DA:114,32
DA:115,0
DA:116,0
DA:118,0
DA:120,0
DA:121,0
DA:125,16
DA:126,16
DA:127,32
DA:130,32
DA:131,16
DA:132,16
DA:133,16
DA:134,16
DA:135,16
DA:136,16
DA:137,16
DA:141,16
DA:144,16
DA:145,32
DA:146,16
DA:147,16
DA:148,16
DA:150,16
DA:151,0
DA:152,0
DA:153,0
DA:158,32
DA:159,16
DA:160,16
DA:161,16
DA:162,16
DA:163,16
DA:164,16
DA:165,16
DA:168,16
DA:170,16
DA:171,16
DA:172,16
DA:173,32
DA:174,16
DA:175,16
DA:176,16
DA:177,16
DA:180,0
DA:181,0
DA:184,16
DA:185,16
DA:186,32
DA:187,16
DA:188,16
DA:189,16
DA:192,16
DA:194,16
DA:195,0
LH:60
LF:121
end_of_record
SF:C:\Users\james\Documents\Projects\Lua\tic-tac-toe\.\lua_modules\share\lua\5.1\busted\status.lua
DA:2,8448
DA:11,9572
DA:15,7324
DA:16,7324
DA:17,10894
DA:18,7324
DA:19,7324
DA:20,7324
DA:23,0
DA:27,0
DA:32,2248
DA:33,1124
DA:34,1124
DA:39,7324
DA:40,7324
DA:41,9572
DA:42,7324
LH:15
LF:17
end_of_record
SF:C:\Users\james\Documents\Projects\Lua\tic-tac-toe\.\lua_modules\share\lua\5.1\busted\utils.lua
DA:1,0
DA:4,32
DA:5,32
DA:6,160
DA:7,128
DA:8,128
DA:16,0
DA:17,0
DA:18,0
DA:19,0
DA:20,0
DA:21,0
DA:23,0
DA:27,16
DA:28,16
DA:29,0
DA:30,0
DA:31,0
DA:32,0
DA:33,0
DA:35,0
LH:7
LF:21
end_of_record
SF:C:\Users\james\Documents\Projects\Lua\tic-tac-toe\.\lua_modules\share\lua\5.1\bustez\expect.lua
DA:3,16
DA:4,16
DA:5,16
DA:6,16
DA:9,16
DA:12,0
DA:13,0
DA:14,0
DA:15,0
DA:17,0
DA:18,0
DA:19,0
DA:21,0
DA:25,5811
DA:27,5811
DA:28,14409
DA:29,8598
DA:30,8598
DA:33,5811
DA:34,7371
DA:35,1560
DA:38,5811
DA:39,5811
DA:44,16
DA:45,16
DA:46,16
DA:48,16
DA:49,16
DA:50,16
DA:51,16
DA:52,16
DA:53,16
DA:54,16
DA:56,16
DA:57,16
DA:58,16
DA:59,16
DA:60,16
DA:61,16
DA:62,16
DA:64,32
DA:66,1512
DA:68,16
DA:74,16
DA:77,5811
DA:80,19112
DA:81,13301
DA:84,5811
DA:86,5811
DA:87,19112
DA:88,13301
DA:89,7442
DA:93,13134
DA:94,11622
DA:96,5811
DA:97,0
DA:98,0
DA:99,0
DA:101,0
DA:102,0
DA:105,5811
DA:106,42
DA:108,5769
DA:110,0
DA:111,0
DA:113,0
DA:114,0
DA:115,0
DA:120,0
DA:124,40011
DA:125,13349
DA:128,13331
DA:132,16
DA:134,5811
DA:138,110
DA:140,16
DA:142,16
DA:146,5811
DA:150,0
DA:154,16
LH:60
LF:80
end_of_record
SF:C:\Users\james\Documents\Projects\Lua\tic-tac-toe\.\lua_modules\share\lua\5.1\bustez\init.lua
DA:1,16
DA:2,16
DA:3,16
DA:6,16
DA:8,16
DA:9,16
DA:10,16
DA:13,16
DA:15,16
LH:9
LF:9
end_of_record
SF:C:\Users\james\Documents\Projects\Lua\tic-tac-toe\.\lua_modules\share\lua\5.1\bustez\register.lua
DA:1,16
DA:2,16
DA:3,16
DA:6,48
DA:7,0
DA:12,48
DA:13,48
DA:14,48
DA:15,48
DA:19,16
DA:20,16
DA:21,16
DA:22,16
DA:23,16
DA:24,16
DA:25,16
DA:26,16
DA:27,16
DA:29,16
DA:30,16
DA:31,16
DA:32,16
DA:33,16
DA:34,16
DA:35,16
DA:36,16
DA:38,16
DA:39,16
DA:40,16
DA:41,16
DA:42,16
DA:43,16
DA:44,16
DA:45,16
DA:46,16
LH:34
LF:35
end_of_record
SF:C:\Users\james\Documents\Projects\Lua\tic-tac-toe\.\lua_modules\share\lua\5.1\luassert\assert.lua
DA:1,0
DA:2,0
DA:3,0
DA:4,0
DA:6,0
DA:9,0
DA:12,0
DA:13,0
DA:14,0
DA:15,0
DA:17,0
DA:18,0
DA:19,0
DA:21,0
DA:24,0
DA:27,0
DA:31,0
DA:32,0
DA:35,0
DA:36,0
DA:37,0
DA:38,0
DA:42,0
DA:43,0
DA:45,0
DA:46,0
DA:47,0
DA:48,0
DA:50,0
DA:51,0
DA:54,0
DA:55,0
DA:57,0
DA:59,0
DA:60,0
DA:62,0
DA:63,0
DA:64,0
DA:69,0
DA:73,0
DA:74,0
DA:77,0
DA:81,0
DA:86,258
DA:87,258
DA:88,0
DA:90,258
DA:91,258
DA:92,258
DA:93,291
DA:94,291
DA:95,293
DA:100,0
DA:101,0
DA:102,0
DA:104,0
DA:110,0
DA:115,0
DA:120,0
DA:121,0
DA:122,0
DA:123,0
DA:124,0
DA:125,0
DA:126,0
DA:127,0
DA:130,0
DA:134,0
DA:138,0
DA:142,0
DA:146,0
DA:150,0
DA:151,0
DA:152,0
DA:157,0
DA:158,0
DA:160,0
DA:164,0
DA:167,3980
DA:168,0
DA:169,0
DA:171,3980
DA:175,0
DA:180,0
LH:10
LF:84
end_of_record
SF:C:\Users\james\Documents\Projects\Lua\tic-tac-toe\.\lua_modules\share\lua\5.1\luassert\assertions.lua
DA:9,0
DA:10,0
DA:11,0
DA:12,0
DA:15,0
DA:19,5402
DA:20,0
DA:25,0
DA:27,0
DA:28,0
DA:29,0
DA:30,0
DA:32,0
DA:33,0
DA:35,0
DA:37,0
DA:38,0
DA:39,0
DA:40,0
DA:41,0
DA:43,0
DA:44,0
DA:50,0
DA:54,0
DA:55,0
DA:56,0
DA:57,0
DA:58,0
DA:59,0
DA:60,0
DA:61,0
DA:62,0
DA:63,0
DA:65,0
DA:66,0
DA:67,0
DA:68,0
DA:69,0
DA:70,0
DA:74,0
DA:75,0
DA:76,0
DA:77,0
DA:79,0
DA:80,0
DA:83,0
DA:84,0
DA:85,0
DA:86,0
DA:87,0
DA:91,0
DA:92,0
DA:93,0
DA:94,0
DA:95,0
DA:96,0
DA:98,0
DA:99,0
DA:102,0
DA:103,0
DA:104,0
DA:106,0
DA:107,0
DA:109,0
DA:113,3938
DA:114,3938
DA:115,7876
DA:116,3938
DA:118,7876
DA:119,3938
DA:120,3938
DA:124,0
DA:125,0
DA:126,0
DA:127,0
DA:128,0
DA:130,0
DA:131,0
DA:132,0
DA:133,0
DA:134,0
DA:135,0
DA:137,0
DA:139,0
DA:140,0
DA:141,0
DA:145,0
DA:146,0
DA:147,0
DA:148,0
DA:152,0
DA:153,0
DA:154,0
DA:158,42
DA:159,42
DA:160,42
DA:161,42
DA:162,42
DA:163,126
DA:164,42
DA:165,42
DA:167,40
DA:169,42
DA:170,42
DA:171,42
DA:172,42
DA:173,42
DA:174,42
DA:175,42
DA:176,42
DA:178,42
DA:179,42
DA:181,0
DA:183,0
DA:184,0
DA:185,0
DA:187,0
DA:188,0
DA:190,0
DA:191,0
DA:192,0
DA:195,0
DA:199,0
DA:200,0
DA:201,0
DA:202,0
DA:203,0
DA:204,0
DA:205,0
DA:206,0
DA:209,0
DA:210,0
DA:211,0
DA:212,0
DA:213,0
DA:217,0
DA:218,0
DA:219,0
DA:221,0
DA:222,0
DA:224,0
DA:226,0
DA:227,0
DA:228,0
DA:229,0
DA:230,0
DA:231,0
DA:232,0
DA:233,0
DA:235,0
DA:236,0
DA:237,0
DA:241,0
DA:242,0
DA:243,0
DA:244,0
DA:245,0
DA:247,0
DA:250,0
DA:251,0
DA:252,0
DA:254,0
DA:255,0
DA:257,0
DA:258,0
DA:261,0
DA:265,590
DA:266,590
DA:267,590
DA:271,800
DA:272,800
DA:273,800
DA:277,32
DA:278,32
DA:279,32
DA:280,32
DA:281,32
DA:285,0
DA:286,0
DA:287,0
DA:288,0
DA:289,0
DA:290,0
DA:291,0
DA:295,0
DA:298,0
DA:299,0
DA:300,0
DA:301,0
DA:302,32
DA:303,0
DA:304,0
DA:305,0
DA:307,0
DA:308,0
DA:309,0
DA:310,0
DA:311,0
DA:312,0
DA:313,0
DA:314,0
DA:315,0
DA:316,0
DA:317,0
DA:318,0
DA:320,0
DA:321,0
DA:322,0
DA:323,0
DA:324,0
DA:325,0
DA:326,0
DA:327,0
DA:328,0
DA:329,0
DA:330,0
DA:331,0
DA:332,0
DA:333,0
DA:334,0
LH:39
LF:220
end_of_record
SF:C:\Users\james\Documents\Projects\Lua\tic-tac-toe\.\lua_modules\share\lua\5.1\luassert\modifiers.lua
DA:2,0
DA:5,7329
DA:9,113
DA:10,113
DA:13,0
DA:14,0
DA:15,0
DA:16,0
DA:17,0
DA:18,0
DA:19,0
LH:3
LF:11
end_of_record
SF:C:\Users\james\Documents\Projects\Lua\tic-tac-toe\.\lua_modules\share\lua\5.1\luassert\util.lua
DA:1,0
DA:2,0
DA:5,0
DA:6,5853
DA:7,5811
DA:8,0
DA:9,0
DA:12,0
DA:13,0
DA:14,0
DA:16,0
DA:17,0
DA:18,0
DA:20,0
DA:22,0
DA:24,0
DA:28,0
DA:29,0
DA:30,0
DA:31,0
DA:32,0
DA:33,0
DA:34,0
DA:36,0
DA:37,0
DA:40,0
DA:41,0
DA:43,0
DA:44,0
DA:45,0
DA:46,0
DA:49,0
DA:50,0
DA:51,0
DA:52,0
DA:53,0
DA:56,0
DA:59,0
DA:62,0
DA:63,0
DA:65,0
DA:68,0
DA:69,42
DA:70,42
DA:71,42
DA:72,126
DA:73,84
DA:75,42
DA:78,0
DA:79,0
DA:80,0
DA:81,0
DA:84,0
DA:85,0
DA:86,0
DA:88,0
DA:89,0
DA:91,0
DA:92,0
DA:94,0
DA:96,0
DA:103,0
DA:104,0
DA:105,0
DA:106,0
DA:107,0
DA:108,0
DA:109,0
DA:111,0
DA:118,0
DA:119,0
DA:120,0
DA:122,0
DA:132,0
DA:133,0
DA:134,0
DA:135,0
DA:136,0
DA:137,0
DA:139,0
DA:140,0
DA:142,0
DA:143,0
DA:147,0
DA:150,0
DA:151,0
DA:153,0
DA:154,0
DA:155,0
DA:158,0
DA:162,0
DA:171,0
DA:177,0
DA:178,0
DA:179,0
DA:180,0
DA:181,0
DA:184,0
DA:192,0
DA:193,0
DA:197,0
DA:198,0
DA:201,0
DA:212,0
DA:214,15518
DA:215,15518
DA:216,15518
DA:217,15518
DA:218,15518
DA:219,15518
DA:220,10158
DA:221,10158
DA:224,15518
DA:225,15518
DA:226,10158
DA:227,5360
DA:229,0
DA:230,0
DA:233,19456
DA:234,3938
DA:237,15518
DA:246,0
DA:248,3938
DA:249,3938
DA:250,0
DA:251,3938
DA:252,0
DA:254,0
DA:255,0
DA:257,3938
DA:259,7876
DA:260,3938
DA:263,3938
DA:264,3938
DA:265,3938
DA:274,0
DA:275,42
DA:284,0
DA:285,0
DA:293,0
DA:294,5811
DA:295,5811
DA:296,5811
DA:297,5811
DA:298,11622
DA:299,5811
DA:300,5811
DA:301,5811
DA:303,5811
DA:304,5811
DA:312,0
DA:313,5811
DA:316,5811
DA:317,5811
DA:318,5811
DA:319,19112
DA:320,13301
DA:321,13301
DA:324,13301
DA:325,13349
DA:326,48
DA:327,48
DA:328,48
DA:329,48
DA:332,13301
DA:333,13301
DA:334,13301
DA:336,13301
DA:340,5811
DA:341,0
DA:344,5811
DA:350,0
DA:351,5811
DA:352,5811
DA:353,5811
DA:358,0
DA:359,0
DA:362,0
LH:65
LF:178
end_of_record
SF:C:\Users\james\Documents\Projects\Lua\tic-tac-toe\.\lua_modules\share\lua\5.1\mediator.lua
DA:2,496
DA:6,496
DA:7,496
DA:8,496
DA:11,0
DA:12,0
DA:13,0
DA:17,496
DA:18,496
DA:24,400
DA:26,400
DA:27,400
DA:28,400
DA:29,400
DA:32,496
DA:33,496
DA:35,496
DA:37,496
DA:38,320
DA:39,320
DA:41,240
DA:44,496
DA:46,496
DA:50,0
DA:51,0
DA:52,0
DA:55,0
DA:56,0
DA:57,0
DA:59,0
DA:63,0
DA:65,0
DA:66,0
DA:67,0
DA:72,800
DA:73,400
DA:77,0
DA:81,10524
DA:85,0
DA:87,0
DA:88,0
DA:89,0
DA:92,0
DA:97,19214
DA:98,10050
DA:101,13422
DA:103,10050
DA:105,10050
DA:106,10050
DA:110,9164
DA:111,6104
DA:113,3060
DA:116,400
DA:121,0
DA:124,0
DA:128,0
DA:132,5110
DA:134,15234
DA:135,20248
DA:138,5110
DA:142,992
DA:146,0
DA:150,0
DA:154,9228
DA:159,0
LH:39
LF:65
end_of_record
SF:C:\Users\james\Documents\Projects\Lua\tic-tac-toe\.\lua_modules\share\lua\5.1\pl\List.lua
DA:21,16
DA:22,16
DA:23,16
DA:24,16
DA:25,16
DA:26,16
DA:27,16
DA:29,16
DA:30,16
DA:33,16
DA:34,16
DA:38,16
DA:42,0
DA:43,0
DA:44,0
DA:46,0
DA:50,66
DA:53,16
DA:54,132
DA:57,16
DA:58,66
DA:59,0
DA:60,0
DA:61,0
DA:77,16
DA:82,16
DA:83,0
DA:84,0
DA:85,0
DA:91,16
DA:92,0
DA:93,0
DA:96,16
DA:102,16
DA:103,0
DA:104,0
DA:105,0
DA:113,16
DA:114,0
DA:115,0
DA:116,0
DA:122,16
DA:123,0
DA:130,16
DA:131,0
DA:132,0
DA:133,0
DA:142,16
DA:143,0
DA:144,0
DA:146,0
DA:154,16
DA:155,0
DA:156,0
DA:157,0
DA:160,16
DA:169,16
DA:170,16
DA:175,16
DA:176,0
DA:182,16
DA:183,0
DA:184,0
DA:185,0
DA:187,0
DA:193,16
DA:194,0
DA:195,0
DA:196,0
DA:202,16
DA:203,0
DA:208,16
DA:209,0
DA:210,0
DA:211,0
DA:212,0
DA:213,0
DA:215,0
DA:221,16
DA:222,0
DA:223,0
DA:224,0
DA:225,0
DA:226,0
DA:228,0
DA:238,16
DA:239,0
DA:244,16
DA:245,0
DA:246,0
DA:249,16
DA:261,16
DA:262,0
DA:263,0
DA:264,0
DA:266,0
DA:267,0
DA:268,0
DA:270,0
DA:272,0
DA:273,0
DA:274,0
DA:275,0
DA:276,0
DA:280,16
DA:281,0
DA:291,16
DA:292,0
DA:301,16
DA:302,0
DA:303,0
DA:304,0
DA:305,0
DA:306,0
DA:307,0
DA:309,0
DA:317,16
DA:318,0
DA:319,0
DA:320,0
DA:321,0
DA:322,0
DA:323,0
DA:330,16
DA:331,0
DA:332,0
DA:333,0
DA:334,0
DA:341,16
DA:342,0
DA:343,0
DA:344,0
DA:346,0
DA:353,16
DA:354,0
DA:355,0
DA:356,0
DA:364,16
DA:367,0
DA:368,0
DA:369,0
DA:371,0
DA:377,16
DA:378,0
DA:384,16
DA:385,0
DA:386,0
DA:387,0
DA:392,0
DA:393,0
DA:394,0
DA:400,16
DA:401,0
DA:402,0
DA:403,0
DA:404,0
DA:412,16
DA:413,0
DA:421,16
DA:422,0
DA:423,0
DA:433,16
DA:434,0
DA:442,16
DA:443,0
DA:444,0
DA:454,16
DA:455,0
DA:464,16
DA:465,0
DA:466,0
DA:467,0
DA:468,0
DA:469,0
DA:471,0
DA:476,0
DA:480,16
DA:483,0
DA:484,0
DA:485,0
DA:487,0
DA:489,0
DA:490,0
DA:494,16
DA:500,16
DA:501,0
DA:511,16
DA:512,0
DA:513,0
DA:514,0
DA:515,0
DA:516,0
DA:517,0
DA:518,0
DA:519,0
DA:521,0
DA:525,16
DA:526,0
DA:535,16
DA:536,0
DA:537,0
DA:538,0
DA:539,0
DA:541,0
DA:542,0
DA:544,0
DA:547,0
DA:548,0
DA:549,0
DA:551,0
DA:552,0
DA:554,0
DA:557,0
DA:558,0
DA:559,0
DA:560,0
DA:563,16
DA:565,16
LH:65
LF:218
end_of_record
SF:C:\Users\james\Documents\Projects\Lua\tic-tac-toe\.\lua_modules\share\lua\5.1\pl\Map.lua
DA:12,0
DA:13,0
DA:14,0
DA:15,0
DA:17,0
DA:18,0
DA:19,0
DA:21,0
DA:24,0
DA:26,0
DA:27,2
DA:28,2
DA:29,0
DA:31,2
DA:37,0
DA:41,0
DA:44,0
DA:47,0
DA:48,0
DA:52,0
DA:53,0
DA:54,0
DA:55,0
DA:62,0
DA:63,0
DA:64,0
DA:65,0
DA:67,0
DA:68,0
DA:75,0
DA:81,0
DA:82,0
DA:88,0
DA:89,0
DA:92,0
DA:97,0
DA:98,0
DA:104,0
DA:109,0
DA:111,0
DA:116,0
DA:117,0
DA:120,0
LH:3
LF:43
end_of_record
SF:C:\Users\james\Documents\Projects\Lua\tic-tac-toe\.\lua_modules\share\lua\5.1\pl\Set.lua
DA:25,2
DA:26,2
DA:27,2
DA:28,2
DA:29,2
DA:30,2
DA:31,2
DA:32,2
DA:35,2
DA:38,2
DA:41,0
DA:48,2
DA:49,3
DA:50,3
DA:51,3
DA:52,0
DA:54,7
DA:60,2
DA:61,0
DA:68,2
DA:75,2
DA:76,0
DA:77,0
DA:78,0
DA:79,0
DA:81,0
DA:88,2
DA:89,2
DA:95,2
DA:96,2
DA:97,2
DA:99,0
DA:100,0
DA:101,0
DA:109,2
DA:125,2
DA:126,0
DA:132,2
DA:138,2
DA:139,0
DA:145,0
DA:146,0
DA:147,0
DA:149,0
DA:150,0
DA:151,0
DA:158,2
DA:164,2
DA:165,0
DA:171,2
DA:177,2
DA:178,0
DA:179,0
DA:181,0
DA:187,2
DA:192,2
DA:193,0
DA:201,2
DA:202,0
DA:209,2
DA:214,2
DA:218,2
DA:219,0
DA:222,2
LH:38
LF:64
end_of_record
SF:C:\Users\james\Documents\Projects\Lua\tic-tac-toe\.\lua_modules\share\lua\5.1\pl\class.lua
DA:14,0
DA:20,71
DA:21,71
DA:23,71
DA:24,3
DA:25,0
DA:26,0
DA:28,3
DA:29,6
DA:30,0
DA:35,68
DA:38,71
DA:39,71
DA:40,3
DA:43,71
DA:74,0
DA:76,0
DA:78,0
DA:79,0
DA:80,0
DA:81,0
DA:82,0
DA:84,0
DA:97,0
DA:98,0
DA:106,0
DA:111,0
DA:112,0
DA:113,0
DA:114,0
DA:115,0
DA:116,0
DA:117,0
DA:121,42
DA:122,40
DA:123,40
DA:131,18
DA:133,18
DA:134,18
DA:135,0
DA:136,0
DA:138,18
DA:141,18
DA:144,2
DA:145,2
DA:147,2
DA:148,16
DA:149,0
DA:152,18
DA:153,18
DA:154,18
DA:155,18
DA:156,18
DA:159,18
DA:160,0
DA:166,137
DA:167,71
DA:168,71
DA:170,71
DA:171,71
DA:172,71
DA:173,2
DA:174,2
DA:178,71
DA:179,0
DA:182,71
DA:186,0
DA:188,0
DA:190,0
DA:191,0
DA:193,18
DA:194,18
DA:195,18
DA:196,18
DA:198,18
DA:199,16
DA:202,18
DA:216,0
DA:218,18
DA:221,0
DA:222,0
DA:223,0
DA:225,0
DA:226,0
DA:228,0
DA:229,0
DA:230,0
DA:231,0
DA:236,0
DA:238,0
DA:241,0
DA:242,0
DA:244,0
DA:245,0
DA:246,0
DA:249,0
DA:253,0
DA:254,0
DA:255,0
DA:256,0
DA:258,0
DA:264,0
LH:47
LF:102
end_of_record
SF:C:\Users\james\Documents\Projects\Lua\tic-tac-toe\.\lua_modules\share\lua\5.1\pl\dir.lua
DA:8,16
DA:9,16
DA:10,16
DA:11,16
DA:12,16
DA:13,16
DA:14,16
DA:15,16
DA:16,16
DA:17,16
DA:18,16
DA:20,16
DA:21,16
DA:23,16
DA:26,16
DA:30,16
DA:34,726
DA:35,242
DA:47,16
DA:48,0
DA:49,0
DA:50,0
DA:58,16
DA:59,0
DA:60,0
DA:61,0
DA:62,0
DA:63,0
DA:64,0
DA:66,0
DA:70,0
DA:71,0
DA:72,0
DA:73,0
DA:74,0
DA:75,0
DA:76,0
DA:77,0
DA:81,0
DA:89,16
DA:90,0
DA:91,0
DA:92,0
DA:94,0
DA:95,0
DA:97,0
DA:100,0
DA:107,16
DA:108,0
DA:109,0
DA:110,0
DA:116,0
DA:117,0
DA:118,0
DA:119,0
DA:120,0
DA:121,0
DA:122,0
DA:123,0
DA:125,0
DA:126,0
DA:131,0
DA:132,0
DA:134,0
DA:135,0
DA:136,0
DA:137,0
DA:139,0
DA:140,0
DA:141,0
DA:144,0
DA:146,0
DA:148,0
DA:149,0
DA:150,0
DA:151,0
DA:152,0
DA:153,0
DA:154,0
DA:155,0
DA:156,0
DA:160,0
DA:161,0
DA:162,0
DA:163,0
DA:165,0
DA:189,0
DA:193,0
DA:194,0
DA:196,0
DA:198,0
DA:201,0
DA:202,0
DA:203,0
DA:204,0
DA:206,0
DA:207,0
DA:208,0
DA:209,0
DA:211,0
DA:213,0
DA:214,0
DA:217,0
DA:218,0
DA:219,0
DA:220,0
DA:221,0
DA:222,0
DA:224,0
DA:225,0
DA:229,0
DA:230,0
DA:240,16
DA:241,0
DA:242,0
DA:243,0
DA:244,0
DA:252,16
DA:253,0
DA:254,0
DA:255,0
DA:259,0
DA:260,0
DA:261,0
DA:262,0
DA:263,0
DA:264,0
DA:265,0
DA:266,0
DA:268,0
DA:272,0
DA:289,16
DA:290,0
DA:292,0
DA:293,0
DA:295,0
DA:298,0
DA:299,0
DA:301,0
DA:302,0
DA:303,0
DA:304,0
DA:305,0
DA:307,0
DA:308,0
DA:310,0
DA:313,0
DA:314,0
DA:318,0
DA:327,16
DA:328,0
DA:329,0
DA:330,0
DA:331,0
DA:333,0
DA:336,0
DA:337,0
DA:339,0
DA:340,0
DA:343,0
DA:344,0
DA:345,0
DA:347,0
DA:348,0
DA:351,0
DA:357,16
DA:358,16
DA:360,0
DA:364,16
DA:366,0
DA:367,0
DA:369,0
DA:370,0
DA:371,0
DA:372,0
DA:373,0
DA:375,0
DA:377,0
DA:386,16
DA:387,0
DA:388,0
DA:389,0
DA:391,0
DA:407,16
DA:408,0
DA:409,0
DA:410,0
DA:411,0
DA:412,0
DA:413,0
DA:414,0
DA:415,0
DA:416,0
DA:418,0
DA:419,0
DA:420,0
DA:421,0
DA:423,0
DA:424,0
DA:425,0
DA:426,0
DA:428,0
DA:429,0
DA:430,0
DA:431,0
DA:432,0
DA:433,0
DA:434,0
DA:436,0
DA:437,0
DA:438,0
DA:439,0
DA:440,0
DA:441,0
DA:442,0
DA:443,0
DA:448,0
DA:457,626
DA:458,626
DA:459,16
DA:462,610
DA:463,610
DA:464,610
DA:465,96
DA:466,96
DA:469,514
DA:470,322
DA:471,644
DA:472,322
DA:473,322
DA:474,80
DA:476,322
DA:480,192
DA:488,16
DA:489,16
DA:491,16
DA:492,16
DA:493,0
DA:496,16
DA:498,16
DA:508,16
DA:509,16
DA:510,16
DA:511,16
DA:513,16
DA:514,16
DA:515,692
DA:516,322
DA:517,242
DA:518,484
DA:519,242
DA:524,16
DA:527,16
LH:66
LF:253
end_of_record
SF:C:\Users\james\Documents\Projects\Lua\tic-tac-toe\.\lua_modules\share\lua\5.1\pl\path.lua
DA:15,0
DA:16,0
DA:17,0
DA:18,0
DA:19,0
DA:20,0
DA:21,0
DA:22,0
DA:24,0
DA:25,0
DA:26,0
DA:29,0
DA:30,0
DA:31,0
DA:33,0
DA:36,0
DA:37,0
DA:38,0
DA:40,0
DA:41,0
DA:42,0
DA:44,0
DA:50,0
DA:56,0
DA:57,0
DA:58,0
DA:60,0
DA:67,0
DA:68,0
DA:69,0
DA:71,0
DA:78,0
DA:79,0
DA:80,0
DA:82,0
DA:89,0
DA:90,0
DA:91,0
DA:93,0
DA:100,0
DA:101,0
DA:102,0
DA:104,0
DA:113,0
DA:114,0
DA:115,0
DA:117,0
DA:122,0
DA:123,354
DA:124,354
DA:129,0
DA:130,15
DA:131,16
DA:136,0
DA:137,0
DA:138,0
DA:139,0
DA:141,0
DA:147,0
DA:148,0
DA:149,0
DA:155,0
DA:156,322
DA:157,322
DA:162,0
DA:163,0
DA:164,0
DA:169,0
DA:170,0
DA:171,0
DA:176,0
DA:177,0
DA:178,0
DA:183,40583
DA:186,0
DA:191,0
DA:192,0
DA:193,0
DA:194,0
DA:196,0
DA:197,0
DA:198,0
DA:200,0
DA:231,0
DA:232,3150
DA:233,3150
DA:234,3150
DA:235,40151
DA:236,37001
DA:237,74002
DA:239,3150
DA:240,0
DA:242,9450
DA:249,0
DA:250,0
DA:251,0
DA:252,0
DA:253,0
DA:254,0
DA:255,0
DA:256,0
DA:257,0
DA:258,0
DA:259,0
DA:261,0
DA:277,0
DA:278,100
DA:279,100
DA:280,100
DA:281,400
DA:282,300
DA:283,0
DA:285,300
DA:286,600
DA:288,100
DA:289,0
DA:291,300
DA:302,0
DA:303,2908
DA:304,2908
DA:305,2908
DA:315,0
DA:316,242
DA:317,242
DA:318,242
DA:328,0
DA:329,100
DA:330,100
DA:331,100
DA:344,0
DA:345,0
DA:346,0
DA:347,0
DA:349,0
DA:363,0
DA:364,0
DA:365,0
DA:366,0
DA:367,0
DA:368,0
DA:369,0
DA:370,0
DA:371,0
DA:373,0
DA:375,0
DA:376,0
DA:377,0
DA:378,0
DA:380,0
DA:392,0
DA:393,484
DA:394,484
DA:395,484
DA:397,0
DA:406,0
DA:407,16
DA:409,16
DA:410,16
DA:411,16
DA:412,0
DA:413,0
DA:414,32
DA:415,0
DA:416,0
DA:417,32
DA:418,0
DA:419,0
DA:420,0
DA:421,0
DA:422,0
DA:425,16
DA:429,0
DA:430,0
DA:431,0
DA:432,0
DA:433,0
DA:434,0
DA:437,16
DA:438,64
DA:439,48
DA:440,0
DA:441,0
DA:443,0
DA:445,48
DA:446,48
DA:449,16
DA:450,16
DA:451,16
DA:457,0
DA:458,0
DA:459,0
DA:460,0
DA:461,0
DA:462,0
DA:464,0
DA:465,0
DA:466,0
DA:467,0
DA:469,0
DA:471,0
DA:472,0
DA:473,0
DA:474,0
DA:476,0
DA:477,0
DA:478,0
DA:479,0
DA:483,0
DA:484,0
DA:485,0
DA:486,0
DA:488,0
DA:496,0
DA:497,0
DA:498,0
DA:499,0
DA:500,0
DA:501,0
DA:503,0
DA:505,0
DA:512,0
DA:513,0
DA:517,0
DA:518,0
DA:520,0
DA:527,0
DA:528,0
DA:529,0
DA:531,0
DA:533,0
DA:534,0
DA:535,0
DA:536,0
DA:538,0
DA:540,0
DA:541,0
DA:542,0
DA:543,0
DA:544,0
DA:546,0
DA:549,0
DA:550,0
DA:560,0
DA:561,0
DA:563,0
DA:564,0
DA:565,0
DA:566,0
DA:567,0
DA:572,0
LH:51
LF:250
end_of_record
SF:C:\Users\james\Documents\Projects\Lua\tic-tac-toe\.\lua_modules\share\lua\5.1\pl\tablex.lua
DA:7,0
DA:8,0
DA:9,0
DA:10,0
DA:11,0
DA:12,0
DA:13,0
DA:14,0
DA:16,0
DA:22,34
DA:23,34
DA:27,0
DA:31,0
DA:35,0
DA:39,64
DA:40,0
DA:45,240
DA:46,0
DA:51,0
DA:52,0
DA:61,0
DA:62,0
DA:63,0
DA:64,0
DA:65,0
DA:67,0
DA:78,0
DA:79,0
DA:80,0
DA:81,0
DA:82,0
DA:89,0
DA:90,116
DA:91,116
DA:92,13111
DA:93,12995
DA:95,116
DA:99,0
DA:100,0
DA:101,0
DA:102,0
DA:103,0
DA:104,0
DA:105,0
DA:106,0
DA:107,0
DA:108,0
DA:110,0
DA:111,0
DA:120,0
DA:121,0
DA:124,0
DA:127,0
DA:128,0
DA:129,0
DA:130,0
DA:132,0
DA:133,0
DA:134,0
DA:137,0
DA:138,0
DA:139,0
DA:140,0
DA:142,0
DA:143,0
DA:145,0
DA:146,0
DA:147,0
DA:148,0
DA:149,0
DA:151,0
DA:162,0
DA:163,0
DA:178,0
DA:179,0
DA:180,0
DA:181,0
DA:182,0
DA:183,0
DA:184,0
DA:186,0
DA:194,0
DA:195,0
DA:196,0
DA:197,0
DA:198,0
DA:199,0
DA:200,0
DA:201,0
DA:203,0
DA:204,0
DA:206,0
DA:207,0
DA:208,0
DA:213,0
DA:214,0
DA:216,0
DA:230,0
DA:231,0
DA:232,0
DA:233,0
DA:234,0
DA:235,0
DA:237,0
DA:249,0
DA:250,0
DA:251,0
DA:252,0
DA:253,0
DA:254,0
DA:256,0
DA:293,0
DA:294,0
DA:295,0
DA:296,0
DA:297,0
DA:298,0
DA:300,0
DA:309,0
DA:310,0
DA:311,0
DA:312,0
DA:313,0
DA:314,0
DA:316,0
DA:327,0
DA:328,0
DA:329,0
DA:330,0
DA:331,0
DA:332,0
DA:334,0
DA:346,0
DA:347,0
DA:348,0
DA:349,0
DA:350,0
DA:351,0
DA:353,0
DA:383,0
DA:384,0
DA:385,0
DA:386,0
DA:387,0
DA:388,0
DA:389,0
DA:390,0
DA:392,0
DA:401,0
DA:402,0
DA:403,0
DA:404,0
DA:405,0
DA:414,0
DA:416,0
DA:417,0
DA:418,0
DA:419,0
DA:420,0
DA:422,0
DA:423,0
DA:424,0
DA:426,0
DA:437,0
DA:438,0
DA:439,0
DA:440,0
DA:441,0
DA:442,0
DA:443,0
DA:445,0
DA:456,0
DA:457,0
DA:458,0
DA:459,0
DA:460,0
DA:461,0
DA:462,0
DA:464,0
DA:473,0
DA:474,0
DA:475,0
DA:476,0
DA:477,0
DA:478,0
DA:480,0
DA:481,0
DA:482,0
DA:484,0
DA:496,0
DA:497,0
DA:498,0
DA:499,0
DA:500,0
DA:511,0
DA:512,0
DA:513,0
DA:514,0
DA:515,0
DA:529,0
DA:530,0
DA:531,0
DA:532,0
DA:533,0
DA:534,0
DA:535,0
DA:537,0
DA:538,0
DA:539,0
DA:540,0
DA:541,0
DA:543,0
DA:545,0
DA:558,0
DA:559,0
DA:560,0
DA:561,0
DA:562,0
DA:563,0
DA:564,0
DA:565,0
DA:566,0
DA:567,0
DA:569,0
DA:572,0
DA:575,0
DA:578,0
DA:581,0
DA:586,0
DA:587,0
DA:588,0
DA:591,0
DA:596,0
DA:597,0
DA:598,0
DA:601,0
DA:607,0
DA:608,0
DA:609,0
DA:612,0
DA:618,0
DA:619,0
DA:620,0
DA:633,0
DA:634,2
DA:635,2
DA:636,2
DA:637,18
DA:638,2
DA:640,0
DA:641,6
DA:642,4
DA:645,2
DA:654,0
DA:655,0
DA:663,0
DA:664,0
DA:675,0
DA:676,0
DA:677,0
DA:678,0
DA:679,0
DA:680,0
DA:682,0
DA:683,0
DA:684,0
DA:687,0
DA:695,0
DA:696,0
DA:697,0
DA:698,0
DA:699,0
DA:700,0
DA:701,0
DA:702,0
DA:703,0
DA:705,0
DA:706,0
DA:707,0
DA:708,0
DA:709,0
DA:710,0
DA:711,0
DA:716,0
DA:724,0
DA:725,32
DA:726,64
DA:727,32
DA:728,374
DA:729,342
DA:730,684
DA:731,200
DA:732,200
DA:735,32
DA:743,0
DA:744,0
DA:748,0
DA:749,0
DA:750,0
DA:752,0
DA:753,0
DA:754,0
DA:756,0
DA:758,0
DA:759,0
DA:760,0
DA:761,0
DA:764,0
DA:765,0
DA:766,0
DA:768,0
DA:769,0
DA:771,0
DA:781,0
DA:782,0
DA:783,0
DA:784,0
DA:794,0
DA:795,0
DA:796,0
DA:797,0
DA:800,0
DA:801,0
DA:802,0
DA:803,0
DA:805,0
DA:806,0
DA:807,0
DA:819,0
DA:820,0
DA:821,0
DA:822,0
DA:823,0
DA:824,0
DA:833,0
DA:834,0
DA:835,0
DA:836,0
DA:837,0
DA:838,0
DA:841,0
DA:842,0
DA:851,0
DA:852,0
DA:853,0
DA:854,0
DA:860,0
DA:861,0
DA:862,0
DA:872,0
DA:873,16
DA:875,16
DA:876,16
DA:878,0
DA:880,16
DA:881,16
DA:882,0
DA:884,16
DA:885,116
DA:886,100
DA:889,16
DA:898,0
DA:899,0
DA:900,0
DA:901,0
DA:902,0
DA:904,0
DA:909,0
DA:910,0
DA:912,0
DA:913,0
DA:914,0
DA:915,0
DA:916,0
DA:917,0
DA:918,0
DA:919,0
DA:921,0
DA:935,0
DA:936,0
DA:937,0
DA:938,0
DA:939,0
DA:941,0
DA:950,0
DA:951,0
DA:952,0
DA:953,0
DA:954,0
DA:956,0
DA:957,0
DA:967,0
DA:968,0
DA:969,0
DA:970,0
DA:971,0
DA:972,0
DA:974,0
DA:975,0
DA:987,0
DA:988,0
DA:994,0
DA:996,0
DA:999,0
LH:35
LF:404
end_of_record
SF:C:\Users\james\Documents\Projects\Lua\tic-tac-toe\.\lua_modules\share\lua\5.1\pl\types.lua
DA:6,0
DA:7,0
DA:8,0
DA:9,0
DA:13,0
DA:14,0
DA:25,0
DA:27,0
DA:36,0
DA:37,0
DA:38,0
DA:39,0
DA:40,0
DA:41,0
DA:42,0
DA:43,0
DA:46,0
DA:49,0
DA:57,0
DA:58,0
DA:72,0
DA:73,0
DA:74,0
DA:75,0
DA:76,0
DA:77,0
DA:78,0
DA:80,0
DA:85,152
DA:86,0
DA:98,0
DA:99,32
DA:100,32
DA:101,0
DA:113,0
DA:114,120
DA:115,120
DA:116,0
DA:127,0
DA:128,0
DA:129,0
DA:130,0
DA:134,0
DA:136,0
DA:139,0
DA:140,0
DA:141,0
DA:144,0
DA:145,0
DA:146,0
DA:149,0
DA:152,0
DA:168,0
DA:170,0
DA:171,0
DA:173,0
DA:174,0
DA:175,0
DA:176,0
DA:177,0
DA:179,0
DA:183,0
LH:5
LF:62
end_of_record
SF:C:\Users\james\Documents\Projects\Lua\tic-tac-toe\.\lua_modules\share\lua\5.1\pl\utils.lua
DA:8,0
DA:9,0
DA:10,0
DA:11,0
DA:12,0
DA:13,0
DA:14,0
DA:15,0
DA:16,0
DA:17,0
DA:19,0
DA:20,0
DA:23,0
DA:26,0
DA:27,0
DA:31,0
DA:45,0
DA:60,0
DA:79,0
DA:80,0
DA:87,0
DA:88,0
DA:89,0
DA:96,0
DA:97,0
DA:98,0
DA:103,0
DA:105,0
DA:106,0
DA:107,0
DA:109,0
DA:113,0
DA:114,0
DA:116,0
DA:119,0
DA:124,0
DA:125,0
DA:126,0
DA:127,0
DA:128,0
DA:130,0
DA:131,0
DA:132,0
DA:133,0
DA:134,0
DA:143,0
DA:144,0
DA:152,0
DA:153,0
DA:154,0
DA:155,0
DA:157,0
DA:172,0
DA:173,0
DA:174,0
DA:175,0
DA:199,0
DA:200,0
DA:201,0
DA:202,0
DA:204,0
DA:205,0
DA:206,0
DA:208,0
DA:209,0
DA:210,0
DA:212,0
DA:217,0
DA:218,0
DA:219,0
DA:221,0
DA:253,0
DA:258,0
DA:259,0
DA:263,0
DA:285,0
DA:286,7997
DA:287,0
DA:289,8013
DA:290,0
DA:292,7997
DA:355,0
DA:356,0
DA:357,0
DA:360,0
DA:362,0
DA:363,0
DA:364,0
DA:365,0
DA:370,0
DA:371,0
DA:373,0
DA:374,0
DA:375,0
DA:377,0
DA:378,0
DA:381,0
DA:382,0
DA:383,0
DA:385,0
DA:386,0
DA:388,0
DA:389,0
DA:393,0
DA:394,0
DA:397,0
DA:398,0
DA:400,0
DA:403,0
DA:406,0
DA:407,0
DA:408,0
DA:409,0
DA:412,0
DA:416,0
DA:430,0
DA:431,32
DA:432,32
DA:433,32
DA:435,0
DA:436,0
DA:437,0
DA:438,0
DA:439,0
DA:440,0
DA:441,0
DA:442,0
DA:443,0
DA:444,0
DA:445,0
DA:446,0
DA:447,0
DA:448,0
DA:450,0
DA:453,0
DA:454,0
DA:455,0
DA:457,0
DA:470,0
DA:471,7933
DA:483,0
DA:484,0
DA:485,0
DA:486,0
DA:489,0
DA:490,0
DA:491,0
DA:493,0
DA:507,0
DA:508,0
DA:509,0
DA:510,0
DA:511,0
DA:513,0
DA:516,0
DA:527,0
DA:528,0
DA:529,0
DA:530,0
DA:531,0
DA:532,0
DA:533,0
DA:534,0
DA:537,0
DA:539,0
DA:549,0
DA:550,0
DA:551,0
DA:552,0
DA:553,0
DA:554,0
DA:555,0
DA:556,0
DA:557,0
DA:560,0
DA:562,0
DA:569,0
DA:570,0
DA:571,0
DA:572,0
DA:573,0
DA:574,0
DA:575,0
DA:577,0
DA:578,0
DA:592,0
DA:593,0
DA:594,0
DA:596,0
DA:597,0
DA:598,0
DA:600,0
DA:602,0
DA:603,0
DA:604,0
DA:605,0
DA:606,0
DA:607,0
DA:623,0
DA:624,0
DA:626,0
DA:627,0
DA:628,0
DA:631,0
DA:634,0
DA:635,0
DA:641,0
DA:646,0
DA:648,0
DA:652,0
DA:655,0
DA:667,0
DA:668,0
DA:669,0
DA:670,0
DA:671,0
DA:672,0
DA:673,0
DA:674,0
DA:676,0
DA:685,0
DA:686,242
DA:687,242
DA:698,0
DA:699,0
DA:700,0
DA:701,0
DA:702,0
DA:704,0
DA:705,0
DA:706,0
DA:707,0
DA:708,0
DA:709,0
DA:711,0
DA:714,0
DA:715,0
DA:716,0
DA:717,0
DA:719,0
DA:735,0
DA:736,0
DA:750,0
DA:751,0
DA:753,0
DA:754,0
DA:755,0
DA:756,0
DA:758,0
DA:768,0
DA:769,0
DA:773,0
DA:774,0
DA:775,0
DA:776,0
DA:777,0
DA:779,0
DA:781,0
DA:782,0
DA:783,0
DA:784,0
DA:785,0
DA:787,0
DA:800,0
DA:817,0
DA:818,0
DA:819,0
DA:836,0
DA:837,0
DA:838,0
DA:850,0
DA:851,0
DA:853,0
DA:875,0
DA:876,0
DA:877,0
DA:879,0
DA:880,0
DA:907,0
DA:908,0
DA:909,0
DA:910,0
DA:913,0
DA:914,0
DA:917,0
DA:918,0
DA:919,0
DA:920,0
DA:921,0
DA:922,0
DA:923,0
DA:925,0
DA:928,0
DA:930,0
DA:931,0
DA:933,0
DA:935,0
DA:939,0
DA:945,0
LH:9
LF:299
end_of_record
SF:C:\Users\james\Documents\Projects\Lua\tic-tac-toe\.\lua_modules\share\lua\5.1\say\init.lua
DA:1,0
DA:3,0
DA:7,0
DA:14,16
DA:15,16
DA:16,0
DA:21,0
DA:22,0
DA:23,0
DA:28,523
DA:32,0
DA:34,4108
DA:35,0
DA:37,4108
DA:38,4108
DA:40,4108
DA:42,4108
DA:43,0
DA:45,4108
DA:46,4108
DA:48,16090
DA:49,11982
DA:52,4108
DA:56,0
DA:60,0
DA:61,0
DA:63,0
DA:65,0
LH:13
LF:28
end_of_record
SF:C:\Users\james\Documents\Projects\Lua\tic-tac-toe\pkg\classic.lua
DA:12,16
DA:13,16
DA:16,123
DA:19,16
DA:20,364
DA:21,2960
DA:22,2596
DA:23,1179
DA:26,364
DA:27,364
DA:28,364
DA:29,364
DA:33,16
DA:34,0
DA:35,0
DA:36,0
DA:37,0
DA:44,16
DA:45,427
DA:46,571
DA:47,571
DA:48,427
DA:50,144
DA:52,0
DA:56,16
DA:57,0
DA:61,16
DA:62,13465
DA:63,13465
DA:64,13457
DA:68,16
LH:25
LF:31
end_of_record
SF:C:\Users\james\Documents\Projects\Lua\tic-tac-toe\spec\helper\registerClass.lua
DA:1,16
DA:2,16
DA:3,16
DA:4,16
DA:6,32
DA:7,16
DA:8,0
DA:13,0
DA:14,16
DA:16,32
DA:17,16
DA:18,0
DA:23,0
DA:24,16
DA:27,48
DA:28,48
DA:29,48
DA:30,48
DA:31,0
DA:34,48
DA:35,96
DA:36,48
DA:37,96
DA:40,48
DA:41,48
DA:43,48
DA:46,32
DA:47,16
DA:48,16
DA:49,16
DA:50,16
DA:52,16
DA:54,32
DA:55,16
DA:56,16
DA:57,16
DA:58,16
DA:60,16
DA:62,32
DA:63,16
DA:64,0
DA:70,0
DA:71,16
DA:73,32
DA:74,16
DA:75,0
DA:81,0
DA:82,16
DA:84,32
DA:85,16
DA:86,16
DA:87,16
DA:88,16
DA:90,16
DA:92,32
DA:93,16
DA:94,16
DA:95,16
DA:96,16
DA:98,16
DA:100,16
DA:101,16
DA:102,16
DA:103,32
LH:55
LF:64
end_of_record
SF:C:\Users\james\Documents\Projects\Lua\tic-tac-toe\spec\helper\registerContains.lua
DA:1,15
DA:2,15
DA:3,15
DA:5,30
DA:6,15
DA:7,0
DA:12,0
DA:13,15
DA:15,30
DA:16,15
DA:17,0
DA:22,0
DA:23,15
DA:26,30
DA:27,30
DA:28,30
DA:29,30
DA:30,0
DA:33,30
DA:36,30
DA:38,45
DA:39,30
DA:40,15
DA:44,15
DA:47,15
DA:48,15
DA:50,15
DA:51,30
LH:23
LF:28
end_of_record
SF:C:\Users\james\Documents\Projects\Lua\tic-tac-toe\spec\helper\registerMockIO.lua
DA:1,16
DA:2,16
DA:3,16
DA:4,16
DA:6,16
DA:13,283
DA:14,283
DA:15,283
DA:17,283
DA:18,0
DA:21,283
DA:23,283
DA:24,566
DA:26,589
DA:27,509
DA:28,203
DA:32,80
DA:35,32
DA:36,16
DA:37,0
DA:42,0
DA:43,16
DA:45,32
DA:46,16
DA:47,0
DA:53,0
DA:54,16
DA:56,16
DA:58,32
LH:24
LF:29
end_of_record
SF:C:\Users\james\Documents\Projects\Lua\tic-tac-toe\spec\io\MockIO.lua
DA:1,16
DA:6,16
DA:8,16
DA:10,16
DA:13,32
DA:17,32
DA:37,16
DA:38,72
DA:42,83
DA:43,72
DA:44,80
DA:50,8
DA:51,136
DA:53,136
DA:54,136
DA:59,8
DA:60,88
DA:63,8
LH:18
LF:18
end_of_record
SF:C:\Users\james\Documents\Projects\Lua\tic-tac-toe\tic-tac-toe\App.lua
DA:1,16
DA:3,16
DA:4,16
DA:5,16
DA:6,16
DA:7,16
DA:9,15
DA:15,16
DA:17,15
DA:18,15
DA:23,16
DA:25,16
DA:27,15
DA:35,15
DA:38,15
DA:42,24
DA:43,144
DA:44,140
DA:45,135
DA:46,79
DA:48,60
DA:49,61
DA:55,15
DA:56,35
DA:58,81
DA:59,51
DA:60,96
DA:61,96
DA:64,90
DA:67,30
DA:71,15
DA:72,1
DA:74,0
DA:75,0
DA:77,0
DA:80,0
DA:81,0
DA:83,0
DA:84,0
DA:85,0
DA:87,0
DA:88,0
DA:90,0
DA:94,15
DA:95,28
DA:96,18
DA:98,18
DA:102,15
DA:103,1
DA:104,0
DA:105,0
DA:108,15
LH:39
LF:52
end_of_record
SF:C:\Users\james\Documents\Projects\Lua\tic-tac-toe\tic-tac-toe\Board\Mark.lua
DA:1,52
DA:7,52
DA:9,52
DA:13,52
DA:14,104
DA:17,52
DA:18,52
DA:20,52
DA:21,52
DA:22,52
DA:25,52
DA:26,2799
DA:29,52
DA:30,16
DA:33,52
DA:34,52
DA:35,52
DA:36,52
LH:18
LF:18
end_of_record
SF:C:\Users\james\Documents\Projects\Lua\tic-tac-toe\tic-tac-toe\IO.lua
DA:1,16
DA:6,16
DA:8,16
DA:11,16
DA:13,48
DA:14,48
DA:15,240
DA:16,192
DA:23,16
DA:24,192
DA:54,6
LH:11
LF:11
end_of_record
SF:C:\Users\james\Documents\Projects\Lua\tic-tac-toe\tic-tac-toe\Player\Computer.lua
DA:1,16
DA:3,2
DA:4,16
DA:6,0
DA:11,1
DA:13,3
DA:18,56
DA:19,112
DA:21,0
DA:22,14
DA:23,2
DA:24,0
DA:28,2
DA:36,215
DA:37,211
DA:38,213
DA:39,29
DA:42,70
DA:47,4
DA:48,57
DA:49,20
DA:50,0
DA:51,0
DA:52,14
DA:53,42
DA:56,142
DA:62,4
DA:63,2
DA:64,0
DA:68,0
DA:69,2
DA:70,90
DA:71,20
DA:77,2
DA:78,0
DA:79,0
DA:80,0
DA:83,0
DA:84,0
DA:85,0
DA:86,0
DA:87,2
DA:88,5
DA:91,2
DA:95,5
DA:96,2
DA:97,0
DA:99,0
DA:100,2
DA:101,1
DA:102,0
DA:103,10
DA:104,18
DA:105,7
DA:106,0
DA:107,0
DA:108,0
DA:109,6
DA:113,0
DA:117,0
DA:118,1
DA:119,2
DA:121,0
DA:122,0
DA:123,0
DA:127,0
LH:40
LF:66
end_of_record
SF:C:\Users\james\Documents\Projects\Lua\tic-tac-toe\tic-tac-toe\Player\Human.lua
DA:1,16
DA:2,16
DA:4,16
DA:5,16
DA:7,16
DA:8,16
DA:9,16
DA:15,16
DA:17,16
DA:19,16
DA:23,16
DA:28,16
DA:29,48
DA:30,64
DA:31,0
DA:32,0
DA:33,0
DA:35,16
DA:38,64
DA:40,96
DA:41,0
DA:42,32
DA:43,16
DA:44,0
DA:46,64
DA:51,64
LH:21
LF:26
end_of_record
SF:C:\Users\james\Documents\Projects\Lua\tic-tac-toe\tic-tac-toe\board\Board.lua
DA:1,40
DA:3,40
DA:10,40
DA:15,40
DA:17,40
DA:21,40
DA:23,7196
DA:25,7196
DA:26,61360
DA:27,55224
DA:34,40
DA:35,1036
DA:36,10360
DA:37,9324
DA:38,9324
DA:39,9324
DA:41,1036
DA:45,40
DA:46,40
DA:47,40
DA:48,40
DA:49,40
DA:50,40
DA:51,40
DA:52,40
DA:53,40
DA:54,40
DA:60,40
DA:61,31076
DA:63,5840
DA:69,15
DA:70,5930
DA:77,15
DA:78,5975
DA:84,15
DA:85,31905
DA:86,28789
DA:87,98628
DA:88,92559
DA:89,103685
DA:90,102295
DA:94,28764
DA:95,834
DA:99,3141
DA:104,15
DA:105,6567
DA:106,6373
DA:107,17293
DA:108,11777
DA:112,219
DA:117,15
DA:118,63
DA:119,85
DA:120,165
DA:121,118
DA:125,3
DA:131,15
DA:132,0
DA:136,15
LH:58
LF:59
end_of_record
SF:C:\Users\james\Documents\Projects\Lua\tic-tac-toe\tic-tac-toe\board\Mark.lua
DA:1,48
DA:7,48
DA:9,48
DA:13,48
DA:14,96
DA:17,48
DA:18,48
DA:20,48
DA:21,48
DA:22,48
DA:25,48
DA:26,3184
DA:29,48
DA:30,416
DA:33,48
DA:34,48
DA:35,48
DA:36,48
LH:18
LF:18
end_of_record
SF:C:\Users\james\Documents\Projects\Lua\tic-tac-toe\tic-tac-toe\player\Computer.lua
DA:1,16
DA:3,16
DA:4,16
DA:6,16
DA:11,16
DA:13,16
DA:18,16
DA:19,3168
DA:21,31680
DA:22,28512
DA:23,28512
DA:24,5736
DA:28,3168
DA:36,16
DA:37,6136
DA:38,6136
DA:39,6136
DA:42,16
DA:47,16
DA:48,11536
DA:49,1240
DA:50,9056
DA:51,856
DA:52,7344
DA:53,560
DA:56,3112
DA:62,16
DA:63,16
DA:64,16
DA:65,16
DA:68,16
DA:69,16
DA:70,16
DA:71,16
DA:77,16
DA:78,5736
DA:79,5736
DA:80,2624
DA:83,3112
DA:84,3112
DA:85,3112
DA:86,11728
DA:87,5504
DA:88,11008
DA:91,3112
DA:95,16
DA:96,56
DA:97,56
DA:99,56
DA:100,56
DA:101,56
DA:102,288
DA:103,232
DA:104,232
DA:105,232
DA:106,32
DA:107,200
DA:108,72
DA:109,72
DA:113,56
DA:117,16
DA:118,96
DA:119,0
DA:121,48
DA:122,48
DA:123,48
DA:127,16
LH:66
LF:67
end_of_record
SF:C:\Users\james\Documents\Projects\Lua\tic-tac-toe\tic-tac-toe\player\Human.lua
DA:1,16
DA:2,16
DA:4,16
DA:5,16
DA:7,16
DA:8,16
DA:9,16
DA:15,16
DA:17,16
DA:19,16
DA:23,16
DA:28,16
DA:29,64
DA:30,64
DA:31,64
DA:32,56
DA:33,96
DA:35,32
DA:38,16
DA:40,64
DA:41,64
DA:42,32
DA:43,32
DA:44,64
DA:46,0
DA:51,16
LH:25
LF:26
end_of_record
SF:C:\Users\james\Documents\Projects\Lua\tic-tac-toe\tic-tac-toe\player\IPlayer.lua
DA:1,32
DA:8,32
DA:10,32
DA:15,32
DA:16,127
DA:18,119
DA:19,119
DA:24,32
DA:25,7
DA:28,32
LH:10
LF:10
end_of_record
